[2m2025-11-09T14:16:01.400868Z[0m [[32m[1minfo     [0m] [1m[<main>] Parlant server version 3.0.3[0m
[2m2025-11-09T14:16:01.401631Z[0m [[32m[1minfo     [0m] [1m[<main>] Using home directory 'D:\muse3.0\Parlant_mem0\fashion-bot\parlant-data'[0m
[2m2025-11-09T14:16:01.408402Z[0m [[32m[1minfo     [0m] [1m[<main>] No external modules selected[0m
[2m2025-11-09T14:16:01.591272Z[0m [[32m[1minfo     [0m] [1m[<main>] Initialized OpenAIService[0m
[2m2025-11-09T14:16:22.408978Z[0m [[32m[1minfo     [0m] [1m[<main>] .-----------------------------------------.[0m
[2m2025-11-09T14:16:22.408978Z[0m [[32m[1minfo     [0m] [1m[<main>] | Server is ready for some serious action |[0m
[2m2025-11-09T14:16:22.408978Z[0m [[32m[1minfo     [0m] [1m[<main>] '-----------------------------------------'[0m
[2m2025-11-09T14:16:22.409976Z[0m [[32m[1minfo     [0m] [1m[<main>] Server authorization policy: development[0m
[2m2025-11-09T14:16:22.409976Z[0m [[32m[1minfo     [0m] [1m[<main>] Try the Sandbox UI at http://localhost:8800[0m
[2m2025-11-09T14:16:22.437265Z[0m [[32m[1minfo     [0m] [1m[ReGgtoad5AY] Session not found (id='5TvbdBgpMO')[0m
[2m2025-11-09T14:17:09.414830Z[0m [[32m[1minfo     [0m] [1m[RLpuIQjUWcd::process] Processing context for session 9rLnB1vwgW finished in 28.914 seconds[0m
[2m2025-11-09T14:18:31.908261Z[0m [[32m[1minfo     [0m] [1m[R4yBRhOUbsy::process] Processing context for session DPaVcfhnyP finished in 24.686 seconds[0m
[2m2025-11-09T14:19:18.740960Z[0m [[32m[1minfo     [0m] [1m[RMH1pVZ6NBe::process] Processing context for session DPaVcfhnyP finished in 39.699 seconds[0m
[2m2025-11-09T14:21:08.214039Z[0m [[31m[1merror    [0m] [1m[R1EXRJwdaXb::process][ToolCaller] Execution::Result: Tool call failed (built-in:generate_product_presentation_local/0XPRnXbVIZ)
['Traceback (most recent call last):\n', '  File "D:\\muse3.0\\Parlant_mem0\\myenv\\Lib\\site-packages\\parlant\\core\\engines\\alpha\\tool_calling\\tool_caller.py", line 263, in _run_tool\n    result = await service.call_tool(\n             ^^^^^^^^^^^^^^^^^^^^^^^^\n', '  File "D:\\muse3.0\\Parlant_mem0\\myenv\\Lib\\site-packages\\parlant\\core\\services\\tools\\plugins.py", line 943, in call_tool\n    raise exc\n', '  File "D:\\muse3.0\\Parlant_mem0\\myenv\\Lib\\site-packages\\parlant\\core\\services\\tools\\plugins.py", line 933, in call_tool\n    raise ToolExecutionError(\n', 'parlant.core.tools.ToolExecutionError: Tool error (tool=\'generate_product_presentation_local\'): url=\'http://127.0.0.1:8818\', arguments=\'{\'products_json\': \'{"query": "good polo shirts to pair with black trousers", "applied_filters": {"colors_in_stock": ["black"], "sizes_in_stock": ["M", "L"], "price_range": {"min": 199, "max": 26500}, "brand": ["bluorng", "bonkerscorner", "cultstore", "dhruvkapoor", "doodlage", "nonasties", "offduty", "prkhr", "sassafras", "shopcapsul", "thehouseofrare", "toffle", "vastrado", "veloce"], "category_leaf": ["regular fit polo shirts"]}, "items": [{"product_id": "sassafras.in#men-black-textured-relax-fit-polo-t-shirt-mstops42337", "title": "men black textured relax fit polo t-shirt", "brand": "sassafras", "category": "polyester blend polos", "price_inr": 509.0, "in_stock": true, "colors_available": ["black"], "score": 0.6195132}, {"product_id": "sassafras.in#men-black-textured-relax-fit-polo-t-shirt-with-shorts-mssets96223", "title": "men black textured relax fit polo t-shirt with shorts", "brand": "sassafras", "category": "weekend sets", "price_inr": 1385.0, "in_stock": true, "colors_available": ["black"], "score": 0.63894093}, {"product_id": "trapin.co#textured-knit-polo-t-shirt-black", "title": "textured knit polo t-shirt - black", "brand": "trapin", "category": "casual polo shirts", "price_inr": 1490.0, "in_stock": true, "colors_available": ["black"], "score": 0.65098083}, {"product_id": "trapin.co#vertical-rib-knit-polo-t-shirt-black", "title": "vertical rib knit polo t-shirt  - black", "brand": "trapin", "category": "cotton polo shirts", "price_inr": 1490.0, "in_stock": true, "colors_available": ["black"], "score": 0.6432103}, {"product_id": "thehouseofrare.com#van-womens-polo-black", "title": "rareism women\\\'s van black cotton blend polo neck plain regular fit polo", "brand": "thehouseofrare", "category": "regular fit polo shirts", "price_inr": 1624.0, "in_stock": true, "colors_available": ["black"], "score": 0.6202333}, {"product_id": "thehouseofrare.com#basel-womens-polo-black", "title": "rareism women\\\'s basel black cotton linen polo neck plain regular fit polo", "brand": "thehouseofrare", "category": "short sleeve polo shirts", "price_inr": 2448.0, "in_stock": true, "colors_available": ["black"], "score": 0.63331616}, {"product_id": "www.bonkerscorner.com#softserve-black-polo", "title": "softserve black polo", "brand": "bonkerscorner", "category": "cotton polo shirts", "price_inr": 1199.0, "in_stock": true, "colors_available": ["black"], "score": 0.6182096}, {"product_id": "www.bonkerscorner.com#black-deadpool-polo", "title": "black deadpool polo", "brand": "bonkerscorner", "category": "long sleeve polo shirts", "price_inr": 999.0, "in_stock": true, "colors_available": ["black"], "score": 0.6231208}, {"product_id": "thehouseofrare.com#cole-womens-top-black", "title": "rareism women\\\'s cole black polyester drop collar plain extended sleeves boxy fit top", "brand": "thehouseofrare", "category": "casual polo knits", "price_inr": 1249.0, "in_stock": true, "colors_available": ["black"], "score": 0.61775434}, {"product_id": "thehouseofrare.com#knitup-womens-sweater-black", "title": "rareism women\\\'s knitup black cotton spread collar plain regular fit sweater", "brand": "thehouseofrare", "category": "button placket sweaters", "price_inr": 2370.0, "in_stock": true, "colors_available": ["black"], "score": 0.62127423}]}\', \'user_context_json\': \'{"current_date": "2025-11-09", "season": "Post-monsoon", "season_styling_notes": "Opt for breathable polo t-shirts in organic cotton or linen blends to pair with black trousers for smart-casual looks. Favor a neutral or earthy palette (white, beige, sage, terracotta) to align with the season’s warm color story. Emphasize sustainable fabrics, comfort, and subtle drape; finish with square-toe sandals or chunky loafers and an oversized belt to echo current silhouettes.", "cultural_context": ["Indian office-smart norms evolving toward functional and comfortable suiting in warm weather", "Preference for modest, presentable daytime wear suitable for work and casual meetings", "Crossover appeal of traditional drape with modern utility in everyday wardrobe", "Seasonal shopping tends toward durable fabrics and sustainability"], "weather_considerations": "Next 7 days 24-30°C with near-zero precipitation; prioritize breathable fabrics, light layers, and moisture-wicking polo tees. Choose darker polos sparingly to avoid heat reflection; pair with lighter liners if needed for air circulation.", "trending_styles": ["Hybrid silhouettes blending drape with utility (sarong skirts with cargo pockets, caped kurta overlays)", "Warm earthy color palette with saffron, terracotta, sage and deep indigos", "Sustainable fabrics and upcycling: organic cotton, linen blends, recycled poly/denim", "Statement footwear and accessories: square-toe sandals, chunky loafers, oversized belts"], "occasion_insights": "For office and casual day events in post-monsoon India, a polo with black trousers offers a versatile smart-casual baseline. Elevate with a belt, clean sneakers or square-toe sandals, and a lightweight blazer or structured jacket if needed. Suitable for client meetings, casual Fridays, and weekend outings when paired with thoughtful accessories."}\', \'query_info_json\': \'{"intent": "outfit_advice", "confidence": 0.72, "normalized_query": "good polo shirts to pair with black trousers", "extracted_entities": {"colors": ["black"], "product_types": ["polo shirt", "polo t-shirt"], "occasions": [], "styles": [], "fits": [], "materials": [], "brands": [], "sizes": [], "price_constraints": {"min": null, "max": null, "budget": null}}, "implied_filters": {"must_be_in_stock": true, "preferred_price_segment": null}, "user_sentiment": "casual", "is_fashion_related": true}\'}\', error: unhashable type: \'slice\'\n'][0m
[2m2025-11-09T14:21:08.247789Z[0m [[31m[1merror    [0m] [1m[R1EXRJwdaXb::process][ToolCaller] Execution::Error: ToolId: built-in:generate_product_presentation_local', Arguments:
{
  "products_json": "{\"query\": \"good polo shirts to pair with black trousers\", \"applied_filters\": {\"colors_in_stock\": [\"black\"], \"sizes_in_stock\": [\"M\", \"L\"], \"price_range\": {\"min\": 199, \"max\": 26500}, \"brand\": [\"bluorng\", \"bonkerscorner\", \"cultstore\", \"dhruvkapoor\", \"doodlage\", \"nonasties\", \"offduty\", \"prkhr\", \"sassafras\", \"shopcapsul\", \"thehouseofrare\", \"toffle\", \"vastrado\", \"veloce\"], \"category_leaf\": [\"regular fit polo shirts\"]}, \"items\": [{\"product_id\": \"sassafras.in#men-black-textured-relax-fit-polo-t-shirt-mstops42337\", \"title\": \"men black textured relax fit polo t-shirt\", \"brand\": \"sassafras\", \"category\": \"polyester blend polos\", \"price_inr\": 509.0, \"in_stock\": true, \"colors_available\": [\"black\"], \"score\": 0.6195132}, {\"product_id\": \"sassafras.in#men-black-textured-relax-fit-polo-t-shirt-with-shorts-mssets96223\", \"title\": \"men black textured relax fit polo t-shirt with shorts\", \"brand\": \"sassafras\", \"category\": \"weekend sets\", \"price_inr\": 1385.0, \"in_stock\": true, \"colors_available\": [\"black\"], \"score\": 0.63894093}, {\"product_id\": \"trapin.co#textured-knit-polo-t-shirt-black\", \"title\": \"textured knit polo t-shirt - black\", \"brand\": \"trapin\", \"category\": \"casual polo shirts\", \"price_inr\": 1490.0, \"in_stock\": true, \"colors_available\": [\"black\"], \"score\": 0.65098083}, {\"product_id\": \"trapin.co#vertical-rib-knit-polo-t-shirt-black\", \"title\": \"vertical rib knit polo t-shirt  - black\", \"brand\": \"trapin\", \"category\": \"cotton polo shirts\", \"price_inr\": 1490.0, \"in_stock\": true, \"colors_available\": [\"black\"], \"score\": 0.6432103}, {\"product_id\": \"thehouseofrare.com#van-womens-polo-black\", \"title\": \"rareism women's van black cotton blend polo neck plain regular fit polo\", \"brand\": \"thehouseofrare\", \"category\": \"regular fit polo shirts\", \"price_inr\": 1624.0, \"in_stock\": true, \"colors_available\": [\"black\"], \"score\": 0.6202333}, {\"product_id\": \"thehouseofrare.com#basel-womens-polo-black\", \"title\": \"rareism women's basel black cotton linen polo neck plain regular fit polo\", \"brand\": \"thehouseofrare\", \"category\": \"short sleeve polo shirts\", \"price_inr\": 2448.0, \"in_stock\": true, \"colors_available\": [\"black\"], \"score\": 0.63331616}, {\"product_id\": \"www.bonkerscorner.com#softserve-black-polo\", \"title\": \"softserve black polo\", \"brand\": \"bonkerscorner\", \"category\": \"cotton polo shirts\", \"price_inr\": 1199.0, \"in_stock\": true, \"colors_available\": [\"black\"], \"score\": 0.6182096}, {\"product_id\": \"www.bonkerscorner.com#black-deadpool-polo\", \"title\": \"black deadpool polo\", \"brand\": \"bonkerscorner\", \"category\": \"long sleeve polo shirts\", \"price_inr\": 999.0, \"in_stock\": true, \"colors_available\": [\"black\"], \"score\": 0.6231208}, {\"product_id\": \"thehouseofrare.com#cole-womens-top-black\", \"title\": \"rareism women's cole black polyester drop collar plain extended sleeves boxy fit top\", \"brand\": \"thehouseofrare\", \"category\": \"casual polo knits\", \"price_inr\": 1249.0, \"in_stock\": true, \"colors_available\": [\"black\"], \"score\": 0.61775434}, {\"product_id\": \"thehouseofrare.com#knitup-womens-sweater-black\", \"title\": \"rareism women's knitup black cotton spread collar plain regular fit sweater\", \"brand\": \"thehouseofrare\", \"category\": \"button placket sweaters\", \"price_inr\": 2370.0, \"in_stock\": true, \"colors_available\": [\"black\"], \"score\": 0.62127423}]}",
  "user_context_json": "{\"current_date\": \"2025-11-09\", \"season\": \"Post-monsoon\", \"season_styling_notes\": \"Opt for breathable polo t-shirts in organic cotton or linen blends to pair with black trousers for smart-casual looks. Favor a neutral or earthy palette (white, beige, sage, terracotta) to align with the season\u2019s warm color story. Emphasize sustainable fabrics, comfort, and subtle drape; finish with square-toe sandals or chunky loafers and an oversized belt to echo current silhouettes.\", \"cultural_context\": [\"Indian office-smart norms evolving toward functional and comfortable suiting in warm weather\", \"Preference for modest, presentable daytime wear suitable for work and casual meetings\", \"Crossover appeal of traditional drape with modern utility in everyday wardrobe\", \"Seasonal shopping tends toward durable fabrics and sustainability\"], \"weather_considerations\": \"Next 7 days 24-30\u00b0C with near-zero precipitation; prioritize breathable fabrics, light layers, and moisture-wicking polo tees. Choose darker polos sparingly to avoid heat reflection; pair with lighter liners if needed for air circulation.\", \"trending_styles\": [\"Hybrid silhouettes blending drape with utility (sarong skirts with cargo pockets, caped kurta overlays)\", \"Warm earthy color palette with saffron, terracotta, sage and deep indigos\", \"Sustainable fabrics and upcycling: organic cotton, linen blends, recycled poly/denim\", \"Statement footwear and accessories: square-toe sandals, chunky loafers, oversized belts\"], \"occasion_insights\": \"For office and casual day events in post-monsoon India, a polo with black trousers offers a versatile smart-casual baseline. Elevate with a belt, clean sneakers or square-toe sandals, and a lightweight blazer or structured jacket if needed. Suitable for client meetings, casual Fridays, and weekend outings when paired with thoughtful accessories.\"}",
  "query_info_json": "{\"intent\": \"outfit_advice\", \"confidence\": 0.72, \"normalized_query\": \"good polo shirts to pair with black trousers\", \"extracted_entities\": {\"colors\": [\"black\"], \"product_types\": [\"polo shirt\", \"polo t-shirt\"], \"occasions\": [], \"styles\": [], \"fits\": [], \"materials\": [], \"brands\": [], \"sizes\": [], \"price_constraints\": {\"min\": null, \"max\": null, \"budget\": null}}, \"implied_filters\": {\"must_be_in_stock\": true, \"preferred_price_segment\": null}, \"user_sentiment\": \"casual\", \"is_fashion_related\": true}"
}
Traceback:
Traceback (most recent call last):

  File "D:\muse3.0\Parlant_mem0\myenv\Lib\site-packages\parlant\core\engines\alpha\tool_calling\tool_caller.py", line 263, in _run_tool
    result = await service.call_tool(
             ^^^^^^^^^^^^^^^^^^^^^^^^

  File "D:\muse3.0\Parlant_mem0\myenv\Lib\site-packages\parlant\core\services\tools\plugins.py", line 943, in call_tool
    raise exc

  File "D:\muse3.0\Parlant_mem0\myenv\Lib\site-packages\parlant\core\services\tools\plugins.py", line 933, in call_tool
    raise ToolExecutionError(

parlant.core.tools.ToolExecutionError: Tool error (tool='generate_product_presentation_local'): url='http://127.0.0.1:8818', arguments='{'products_json': '{"query": "good polo shirts to pair with black trousers", "applied_filters": {"colors_in_stock": ["black"], "sizes_in_stock": ["M", "L"], "price_range": {"min": 199, "max": 26500}, "brand": ["bluorng", "bonkerscorner", "cultstore", "dhruvkapoor", "doodlage", "nonasties", "offduty", "prkhr", "sassafras", "shopcapsul", "thehouseofrare", "toffle", "vastrado", "veloce"], "category_leaf": ["regular fit polo shirts"]}, "items": [{"product_id": "sassafras.in#men-black-textured-relax-fit-polo-t-shirt-mstops42337", "title": "men black textured relax fit polo t-shirt", "brand": "sassafras", "category": "polyester blend polos", "price_inr": 509.0, "in_stock": true, "colors_available": ["black"], "score": 0.6195132}, {"product_id": "sassafras.in#men-black-textured-relax-fit-polo-t-shirt-with-shorts-mssets96223", "title": "men black textured relax fit polo t-shirt with shorts", "brand": "sassafras", "category": "weekend sets", "price_inr": 1385.0, "in_stock": true, "colors_available": ["black"], "score": 0.63894093}, {"product_id": "trapin.co#textured-knit-polo-t-shirt-black", "title": "textured knit polo t-shirt - black", "brand": "trapin", "category": "casual polo shirts", "price_inr": 1490.0, "in_stock": true, "colors_available": ["black"], "score": 0.65098083}, {"product_id": "trapin.co#vertical-rib-knit-polo-t-shirt-black", "title": "vertical rib knit polo t-shirt  - black", "brand": "trapin", "category": "cotton polo shirts", "price_inr": 1490.0, "in_stock": true, "colors_available": ["black"], "score": 0.6432103}, {"product_id": "thehouseofrare.com#van-womens-polo-black", "title": "rareism women\'s van black cotton blend polo neck plain regular fit polo", "brand": "thehouseofrare", "category": "regular fit polo shirts", "price_inr": 1624.0, "in_stock": true, "colors_available": ["black"], "score": 0.6202333}, {"product_id": "thehouseofrare.com#basel-womens-polo-black", "title": "rareism women\'s basel black cotton linen polo neck plain regular fit polo", "brand": "thehouseofrare", "category": "short sleeve polo shirts", "price_inr": 2448.0, "in_stock": true, "colors_available": ["black"], "score": 0.63331616}, {"product_id": "www.bonkerscorner.com#softserve-black-polo", "title": "softserve black polo", "brand": "bonkerscorner", "category": "cotton polo shirts", "price_inr": 1199.0, "in_stock": true, "colors_available": ["black"], "score": 0.6182096}, {"product_id": "www.bonkerscorner.com#black-deadpool-polo", "title": "black deadpool polo", "brand": "bonkerscorner", "category": "long sleeve polo shirts", "price_inr": 999.0, "in_stock": true, "colors_available": ["black"], "score": 0.6231208}, {"product_id": "thehouseofrare.com#cole-womens-top-black", "title": "rareism women\'s cole black polyester drop collar plain extended sleeves boxy fit top", "brand": "thehouseofrare", "category": "casual polo knits", "price_inr": 1249.0, "in_stock": true, "colors_available": ["black"], "score": 0.61775434}, {"product_id": "thehouseofrare.com#knitup-womens-sweater-black", "title": "rareism women\'s knitup black cotton spread collar plain regular fit sweater", "brand": "thehouseofrare", "category": "button placket sweaters", "price_inr": 2370.0, "in_stock": true, "colors_available": ["black"], "score": 0.62127423}]}', 'user_context_json': '{"current_date": "2025-11-09", "season": "Post-monsoon", "season_styling_notes": "Opt for breathable polo t-shirts in organic cotton or linen blends to pair with black trousers for smart-casual looks. Favor a neutral or earthy palette (white, beige, sage, terracotta) to align with the season’s warm color story. Emphasize sustainable fabrics, comfort, and subtle drape; finish with square-toe sandals or chunky loafers and an oversized belt to echo current silhouettes.", "cultural_context": ["Indian office-smart norms evolving toward functional and comfortable suiting in warm weather", "Preference for modest, presentable daytime wear suitable for work and casual meetings", "Crossover appeal of traditional drape with modern utility in everyday wardrobe", "Seasonal shopping tends toward durable fabrics and sustainability"], "weather_considerations": "Next 7 days 24-30°C with near-zero precipitation; prioritize breathable fabrics, light layers, and moisture-wicking polo tees. Choose darker polos sparingly to avoid heat reflection; pair with lighter liners if needed for air circulation.", "trending_styles": ["Hybrid silhouettes blending drape with utility (sarong skirts with cargo pockets, caped kurta overlays)", "Warm earthy color palette with saffron, terracotta, sage and deep indigos", "Sustainable fabrics and upcycling: organic cotton, linen blends, recycled poly/denim", "Statement footwear and accessories: square-toe sandals, chunky loafers, oversized belts"], "occasion_insights": "For office and casual day events in post-monsoon India, a polo with black trousers offers a versatile smart-casual baseline. Elevate with a belt, clean sneakers or square-toe sandals, and a lightweight blazer or structured jacket if needed. Suitable for client meetings, casual Fridays, and weekend outings when paired with thoughtful accessories."}', 'query_info_json': '{"intent": "outfit_advice", "confidence": 0.72, "normalized_query": "good polo shirts to pair with black trousers", "extracted_entities": {"colors": ["black"], "product_types": ["polo shirt", "polo t-shirt"], "occasions": [], "styles": [], "fits": [], "materials": [], "brands": [], "sizes": [], "price_constraints": {"min": null, "max": null, "budget": null}}, "implied_filters": {"must_be_in_stock": true, "preferred_price_segment": null}, "user_sentiment": "casual", "is_fashion_related": true}'}', error: unhashable type: 'slice'
[0m
[2m2025-11-09T14:21:39.054084Z[0m [[32m[1minfo     [0m] [1m[R1EXRJwdaXb::process] Processing context for session DPaVcfhnyP finished in 108.232 seconds[0m
[2m2025-11-09T14:21:41.862086Z[0m [[33m[1mwarning  [0m] [1m[RpED5GbjMdS] HTTP Request: GET /sessions/DPaVcfhnyP/events cancelled after 9.494 seconds[0m
[2m2025-11-09T14:21:41.864119Z[0m [[32m[1minfo     [0m] [1m[<main>] BackgroundTaskService: Cancelling all remaining tasks (2)[0m
[2m2025-11-09T14:21:41.865645Z[0m [[32m[1minfo     [0m] [1m[<main>] BackgroundTaskService: Shutting down[0m
[2m2025-11-09T14:48:34.495588Z[0m [[32m[1minfo     [0m] [1m[<main>] Parlant server version 3.0.3[0m
[2m2025-11-09T14:48:34.508570Z[0m [[32m[1minfo     [0m] [1m[<main>] Using home directory 'D:\muse3.0\Parlant_mem0\fashion-bot\parlant-data'[0m
[2m2025-11-09T14:48:34.548816Z[0m [[32m[1minfo     [0m] [1m[<main>] No external modules selected[0m
[2m2025-11-09T14:48:35.089995Z[0m [[32m[1minfo     [0m] [1m[<main>] Initialized OpenAIService[0m
[2m2025-11-09T14:49:12.800989Z[0m [[32m[1minfo     [0m] [1m[<main>] .-----------------------------------------.[0m
[2m2025-11-09T14:49:12.801973Z[0m [[32m[1minfo     [0m] [1m[<main>] | Server is ready for some serious action |[0m
[2m2025-11-09T14:49:12.801973Z[0m [[32m[1minfo     [0m] [1m[<main>] '-----------------------------------------'[0m
[2m2025-11-09T14:49:12.801973Z[0m [[32m[1minfo     [0m] [1m[<main>] Server authorization policy: development[0m
[2m2025-11-09T14:49:12.801973Z[0m [[32m[1minfo     [0m] [1m[<main>] Try the Sandbox UI at http://localhost:8800[0m
[2m2025-11-09T14:50:42.171765Z[0m [[32m[1minfo     [0m] [1m[RXT9wdzRKln::process] Processing context for session 493hs4ulrX finished in 70.279 seconds[0m
[2m2025-11-09T14:52:06.571325Z[0m [[32m[1minfo     [0m] [1m[RHUInq3LeP9::process] Processing context for session ZYUxE3NGRz finished in 61.098 seconds[0m
[2m2025-11-09T14:53:18.000452Z[0m [[31m[1merror    [0m] [1m[RKDgZYiLfUd::process][ToolCaller] Execution::Result: Tool call failed (built-in:save_user_profile_local/sSxPLlQbq3)
['Traceback (most recent call last):\n', '  File "D:\\muse3.0\\Parlant_mem0\\myenv\\Lib\\site-packages\\parlant\\core\\engines\\alpha\\tool_calling\\tool_caller.py", line 263, in _run_tool\n    result = await service.call_tool(\n             ^^^^^^^^^^^^^^^^^^^^^^^^\n', '  File "D:\\muse3.0\\Parlant_mem0\\myenv\\Lib\\site-packages\\parlant\\core\\services\\tools\\plugins.py", line 943, in call_tool\n    raise exc\n', '  File "D:\\muse3.0\\Parlant_mem0\\myenv\\Lib\\site-packages\\parlant\\core\\services\\tools\\plugins.py", line 933, in call_tool\n    raise ToolExecutionError(\n', "parlant.core.tools.ToolExecutionError: Tool error (tool='save_user_profile_local'): url='http://127.0.0.1:8818', arguments='{'name': 'Vedant', 'preference': 'formal attire'}', error: The read operation timed out\n"][0m
[2m2025-11-09T14:53:18.000972Z[0m [[31m[1merror    [0m] [1m[RKDgZYiLfUd::process][ToolCaller] Execution::Error: ToolId: built-in:save_user_profile_local', Arguments:
{
  "name": "Vedant",
  "preference": "formal attire"
}
Traceback:
Traceback (most recent call last):

  File "D:\muse3.0\Parlant_mem0\myenv\Lib\site-packages\parlant\core\engines\alpha\tool_calling\tool_caller.py", line 263, in _run_tool
    result = await service.call_tool(
             ^^^^^^^^^^^^^^^^^^^^^^^^

  File "D:\muse3.0\Parlant_mem0\myenv\Lib\site-packages\parlant\core\services\tools\plugins.py", line 943, in call_tool
    raise exc

  File "D:\muse3.0\Parlant_mem0\myenv\Lib\site-packages\parlant\core\services\tools\plugins.py", line 933, in call_tool
    raise ToolExecutionError(

parlant.core.tools.ToolExecutionError: Tool error (tool='save_user_profile_local'): url='http://127.0.0.1:8818', arguments='{'name': 'Vedant', 'preference': 'formal attire'}', error: The read operation timed out
[0m
[2m2025-11-09T14:54:41.391463Z[0m [[31m[1merror    [0m] [1m[RKDgZYiLfUd::process][ToolCaller] Execution::Result: Tool call failed (built-in:generate_conversational_response_local/ZlT9vMYonL)
['Traceback (most recent call last):\n', '  File "D:\\muse3.0\\Parlant_mem0\\myenv\\Lib\\site-packages\\parlant\\core\\engines\\alpha\\tool_calling\\tool_caller.py", line 263, in _run_tool\n    result = await service.call_tool(\n             ^^^^^^^^^^^^^^^^^^^^^^^^\n', '  File "D:\\muse3.0\\Parlant_mem0\\myenv\\Lib\\site-packages\\parlant\\core\\services\\tools\\plugins.py", line 943, in call_tool\n    raise exc\n', '  File "D:\\muse3.0\\Parlant_mem0\\myenv\\Lib\\site-packages\\parlant\\core\\services\\tools\\plugins.py", line 933, in call_tool\n    raise ToolExecutionError(\n', 'parlant.core.tools.ToolExecutionError: Tool error (tool=\'generate_conversational_response_local\'): url=\'http://127.0.0.1:8818\', arguments=\'{\'search_results_json\': \'{"original_query": "formal office wear to pair with black trousers", "discovery_queries": ["white shirt", "linen shirt", "oxford shirt", "casual shirt"], "total_products_found": 6, "products": [{"product_id": "www.kissagoi.com#solid-black-linen-shirt", "title": "do me a solid - black linen shirt", "brand": "kissagoi", "category": "linen dress shirts", "price_inr": 4400.0, "in_stock": true, "colors_available": [], "sizes_available": ["XS", "S", "M", "L", "XL", "xxl", "xxxl", "custom size"], "description": "", "score": 0.7903651, "from_query": "linen shirt"}, {"product_id": "thehouseofrare.com#fury-mens-shirt-white", "title": "rare rabbit men\\\'s fury white cotton plain regular fit full sleeve collared shirt", "brand": "thehouseofrare", "category": "white dress shirts", "price_inr": 2165.0, "in_stock": true, "colors_available": ["white"], "sizes_available": ["s-38", "m-40", "l-42", "xl-44", "xxl-46", "3xl-48"], "description": "", "score": 0.7165729, "from_query": "white shirt"}, {"product_id": "www.nonasties.in#nutan-lime-green-cotton-linen-shirt-for-women-online", "title": "nutan linen shirt in lime", "brand": "nonasties", "category": "linen dress shirts", "price_inr": 4499.0, "in_stock": true, "colors_available": [], "sizes_available": ["XS", "S", "M", "L", "XL"], "description": "", "score": 0.80512136, "from_query": "linen shirt"}, {"product_id": "cultstore.com#abrstract-dia-white-workout-tee", "title": "abrstract dia white workout tee", "brand": "cultstore", "category": "graphic training tops", "price_inr": 629.0, "in_stock": false, "colors_available": [], "sizes_available": [], "description": "", "score": 0.7187923, "from_query": "white shirt"}, {"product_id": "www.nonasties.in#nargis-ivory-white-cotton-linen-shirt-for-women-online", "title": "nargis linen shirt in ivory", "brand": "nonasties", "category": "linen dress shirts", "price_inr": 4499.0, "in_stock": true, "colors_available": [], "sizes_available": ["XS", "S", "M", "XL"], "description": "", "score": 0.8006879, "from_query": "linen shirt"}, {"product_id": "www.nonasties.in#avocado-organic-cotton-resort-shirt-for-women-online", "title": "avocado resort shirt", "brand": "nonasties", "category": "white dress shirts", "price_inr": 2799.0, "in_stock": false, "colors_available": [], "sizes_available": [], "description": "", "score": 0.71701604, "from_query": "white shirt"}], "user_gender": "unknown"}\'}\', error: \'dict\' object has no attribute \'ToolResult\'\n'][0m
[2m2025-11-09T14:54:41.392432Z[0m [[31m[1merror    [0m] [1m[RKDgZYiLfUd::process][ToolCaller] Execution::Error: ToolId: built-in:generate_conversational_response_local', Arguments:
{
  "search_results_json": "{\"original_query\": \"formal office wear to pair with black trousers\", \"discovery_queries\": [\"white shirt\", \"linen shirt\", \"oxford shirt\", \"casual shirt\"], \"total_products_found\": 6, \"products\": [{\"product_id\": \"www.kissagoi.com#solid-black-linen-shirt\", \"title\": \"do me a solid - black linen shirt\", \"brand\": \"kissagoi\", \"category\": \"linen dress shirts\", \"price_inr\": 4400.0, \"in_stock\": true, \"colors_available\": [], \"sizes_available\": [\"XS\", \"S\", \"M\", \"L\", \"XL\", \"xxl\", \"xxxl\", \"custom size\"], \"description\": \"\", \"score\": 0.7903651, \"from_query\": \"linen shirt\"}, {\"product_id\": \"thehouseofrare.com#fury-mens-shirt-white\", \"title\": \"rare rabbit men's fury white cotton plain regular fit full sleeve collared shirt\", \"brand\": \"thehouseofrare\", \"category\": \"white dress shirts\", \"price_inr\": 2165.0, \"in_stock\": true, \"colors_available\": [\"white\"], \"sizes_available\": [\"s-38\", \"m-40\", \"l-42\", \"xl-44\", \"xxl-46\", \"3xl-48\"], \"description\": \"\", \"score\": 0.7165729, \"from_query\": \"white shirt\"}, {\"product_id\": \"www.nonasties.in#nutan-lime-green-cotton-linen-shirt-for-women-online\", \"title\": \"nutan linen shirt in lime\", \"brand\": \"nonasties\", \"category\": \"linen dress shirts\", \"price_inr\": 4499.0, \"in_stock\": true, \"colors_available\": [], \"sizes_available\": [\"XS\", \"S\", \"M\", \"L\", \"XL\"], \"description\": \"\", \"score\": 0.80512136, \"from_query\": \"linen shirt\"}, {\"product_id\": \"cultstore.com#abrstract-dia-white-workout-tee\", \"title\": \"abrstract dia white workout tee\", \"brand\": \"cultstore\", \"category\": \"graphic training tops\", \"price_inr\": 629.0, \"in_stock\": false, \"colors_available\": [], \"sizes_available\": [], \"description\": \"\", \"score\": 0.7187923, \"from_query\": \"white shirt\"}, {\"product_id\": \"www.nonasties.in#nargis-ivory-white-cotton-linen-shirt-for-women-online\", \"title\": \"nargis linen shirt in ivory\", \"brand\": \"nonasties\", \"category\": \"linen dress shirts\", \"price_inr\": 4499.0, \"in_stock\": true, \"colors_available\": [], \"sizes_available\": [\"XS\", \"S\", \"M\", \"XL\"], \"description\": \"\", \"score\": 0.8006879, \"from_query\": \"linen shirt\"}, {\"product_id\": \"www.nonasties.in#avocado-organic-cotton-resort-shirt-for-women-online\", \"title\": \"avocado resort shirt\", \"brand\": \"nonasties\", \"category\": \"white dress shirts\", \"price_inr\": 2799.0, \"in_stock\": false, \"colors_available\": [], \"sizes_available\": [], \"description\": \"\", \"score\": 0.71701604, \"from_query\": \"white shirt\"}], \"user_gender\": \"unknown\"}"
}
Traceback:
Traceback (most recent call last):

  File "D:\muse3.0\Parlant_mem0\myenv\Lib\site-packages\parlant\core\engines\alpha\tool_calling\tool_caller.py", line 263, in _run_tool
    result = await service.call_tool(
             ^^^^^^^^^^^^^^^^^^^^^^^^

  File "D:\muse3.0\Parlant_mem0\myenv\Lib\site-packages\parlant\core\services\tools\plugins.py", line 943, in call_tool
    raise exc

  File "D:\muse3.0\Parlant_mem0\myenv\Lib\site-packages\parlant\core\services\tools\plugins.py", line 933, in call_tool
    raise ToolExecutionError(

parlant.core.tools.ToolExecutionError: Tool error (tool='generate_conversational_response_local'): url='http://127.0.0.1:8818', arguments='{'search_results_json': '{"original_query": "formal office wear to pair with black trousers", "discovery_queries": ["white shirt", "linen shirt", "oxford shirt", "casual shirt"], "total_products_found": 6, "products": [{"product_id": "www.kissagoi.com#solid-black-linen-shirt", "title": "do me a solid - black linen shirt", "brand": "kissagoi", "category": "linen dress shirts", "price_inr": 4400.0, "in_stock": true, "colors_available": [], "sizes_available": ["XS", "S", "M", "L", "XL", "xxl", "xxxl", "custom size"], "description": "", "score": 0.7903651, "from_query": "linen shirt"}, {"product_id": "thehouseofrare.com#fury-mens-shirt-white", "title": "rare rabbit men\'s fury white cotton plain regular fit full sleeve collared shirt", "brand": "thehouseofrare", "category": "white dress shirts", "price_inr": 2165.0, "in_stock": true, "colors_available": ["white"], "sizes_available": ["s-38", "m-40", "l-42", "xl-44", "xxl-46", "3xl-48"], "description": "", "score": 0.7165729, "from_query": "white shirt"}, {"product_id": "www.nonasties.in#nutan-lime-green-cotton-linen-shirt-for-women-online", "title": "nutan linen shirt in lime", "brand": "nonasties", "category": "linen dress shirts", "price_inr": 4499.0, "in_stock": true, "colors_available": [], "sizes_available": ["XS", "S", "M", "L", "XL"], "description": "", "score": 0.80512136, "from_query": "linen shirt"}, {"product_id": "cultstore.com#abrstract-dia-white-workout-tee", "title": "abrstract dia white workout tee", "brand": "cultstore", "category": "graphic training tops", "price_inr": 629.0, "in_stock": false, "colors_available": [], "sizes_available": [], "description": "", "score": 0.7187923, "from_query": "white shirt"}, {"product_id": "www.nonasties.in#nargis-ivory-white-cotton-linen-shirt-for-women-online", "title": "nargis linen shirt in ivory", "brand": "nonasties", "category": "linen dress shirts", "price_inr": 4499.0, "in_stock": true, "colors_available": [], "sizes_available": ["XS", "S", "M", "XL"], "description": "", "score": 0.8006879, "from_query": "linen shirt"}, {"product_id": "www.nonasties.in#avocado-organic-cotton-resort-shirt-for-women-online", "title": "avocado resort shirt", "brand": "nonasties", "category": "white dress shirts", "price_inr": 2799.0, "in_stock": false, "colors_available": [], "sizes_available": [], "description": "", "score": 0.71701604, "from_query": "white shirt"}], "user_gender": "unknown"}'}', error: 'dict' object has no attribute 'ToolResult'
[0m
[2m2025-11-09T14:55:50.601400Z[0m [[32m[1minfo     [0m] [1m[RKDgZYiLfUd::process] Processing context for session ZYUxE3NGRz finished in 212.979 seconds[0m
[2m2025-11-10T14:42:39.787039Z[0m [[32m[1minfo     [0m] [1m[<main>] Parlant server version 3.0.3[0m
[2m2025-11-10T14:42:39.788054Z[0m [[32m[1minfo     [0m] [1m[<main>] Using home directory 'D:\muse3.0\Parlant_mem0\fashion-bot\parlant-data'[0m
[2m2025-11-10T14:42:39.930028Z[0m [[32m[1minfo     [0m] [1m[<main>] No external modules selected[0m
[2m2025-11-10T14:42:40.359029Z[0m [[32m[1minfo     [0m] [1m[<main>] Initialized OpenAIService[0m
[2m2025-11-10T14:42:53.989993Z[0m [[32m[1minfo     [0m] [1m[<main>] .-----------------------------------------.[0m
[2m2025-11-10T14:42:53.991001Z[0m [[32m[1minfo     [0m] [1m[<main>] | Server is ready for some serious action |[0m
[2m2025-11-10T14:42:53.991001Z[0m [[32m[1minfo     [0m] [1m[<main>] '-----------------------------------------'[0m
[2m2025-11-10T14:42:53.991001Z[0m [[32m[1minfo     [0m] [1m[<main>] Server authorization policy: development[0m
[2m2025-11-10T14:42:53.991001Z[0m [[32m[1minfo     [0m] [1m[<main>] Try the Sandbox UI at http://localhost:8800[0m
[2m2025-11-10T14:43:56.039262Z[0m [[32m[1minfo     [0m] [1m[RHBCK7vUUgi::process] Processing context for session WAHQRIYCxN finished in 52.726 seconds[0m
[2m2025-11-10T14:44:46.411640Z[0m [[32m[1minfo     [0m] [1m[Ro2VSimJMwy::process] Processing context for session WAHQRIYCxN finished in 41.21 seconds[0m
[2m2025-11-10T14:46:43.514283Z[0m [[31m[1merror    [0m] [1m[R3dkDSZ4pmR::process][ToolCaller] Execution::Result: Tool call failed (built-in:generate_conversational_response_local/BE6bNQtN0d)
['Traceback (most recent call last):\n', '  File "D:\\muse3.0\\Parlant_mem0\\myenv\\Lib\\site-packages\\parlant\\core\\engines\\alpha\\tool_calling\\tool_caller.py", line 263, in _run_tool\n    result = await service.call_tool(\n             ^^^^^^^^^^^^^^^^^^^^^^^^\n', '  File "D:\\muse3.0\\Parlant_mem0\\myenv\\Lib\\site-packages\\parlant\\core\\services\\tools\\plugins.py", line 943, in call_tool\n    raise exc\n', '  File "D:\\muse3.0\\Parlant_mem0\\myenv\\Lib\\site-packages\\parlant\\core\\services\\tools\\plugins.py", line 933, in call_tool\n    raise ToolExecutionError(\n', 'parlant.core.tools.ToolExecutionError: Tool error (tool=\'generate_conversational_response_local\'): url=\'http://127.0.0.1:8818\', arguments=\'{\'search_results_json\': \'{"original_query": "masculine outfit for date night to pair with blue jeans", "discovery_queries": ["formal trousers", "casual pants", "denim jeans", "slim fit pants"], "total_products_found": 11, "products": [{"product_id": "toffle.in#blue-follow-jeans", "title": "blue follow jeans", "brand": "toffle", "category": "boyfriend jeans", "price_inr": 6000.0, "in_stock": true, "colors_available": [], "sizes_available": [], "description": "", "score": 0.8005164, "from_query": "denim jeans"}, {"product_id": "thehouseofrare.com#pax-mens-trouser-blue", "title": "rare rabbit men\\\'s pax blue cotton blend plain straight fit trouser", "brand": "thehouseofrare", "category": "mid-rise straight pants", "price_inr": 2319.0, "in_stock": true, "colors_available": ["blue"], "sizes_available": ["28", "30", "32", "34", "36", "38"], "description": "", "score": 0.7414318, "from_query": "formal trousers"}, {"product_id": "thehouseofrare.com#zimba-mens-trouser-grey", "title": "rare rabbit men\\\'s zimba grey polyester blend striped print straight fit trouser", "brand": "thehouseofrare", "category": "classic dress trousers", "price_inr": 2379.0, "in_stock": true, "colors_available": ["grey"], "sizes_available": ["28", "30", "32", "34", "36", "38"], "description": "", "score": 0.7321162, "from_query": "formal trousers"}, {"product_id": "hiphopclothingindia.com#denim-jacket-indigo-contrast-stitch-utility-jacket", "title": "denim jacket- indigo contrast-stitch utility jacket", "brand": "hiphopclothingindia", "category": "classic denim jackets", "price_inr": null, "in_stock": false, "colors_available": [], "sizes_available": [], "description": "", "score": 0.8154304, "from_query": "denim jeans"}, {"product_id": "www.shopcapsul.com#hover-denim-scope", "title": "hover denim (scope)", "brand": "shopcapsul", "category": "distressed jeans", "price_inr": 15000.0, "in_stock": true, "colors_available": [], "sizes_available": ["30", "36"], "description": "", "score": 0.79165137, "from_query": "denim jeans"}, {"product_id": "toffle.in#punk-pants", "title": "punk pants", "brand": "toffle", "category": "slim fit jeans", "price_inr": 9999.0, "in_stock": true, "colors_available": [], "sizes_available": [], "description": "", "score": 0.76745063, "from_query": "slim fit pants"}, {"product_id": "www.nonasties.in#tapered-pants-black", "title": "black tapered pants", "brand": "nonasties", "category": "black chinos", "price_inr": 2999.0, "in_stock": false, "colors_available": [], "sizes_available": [], "description": "", "score": 0.75085896, "from_query": "formal trousers"}, {"product_id": "www.nonasties.in#sand-beige-relaxed-fit-organic-cotton-pants-for-men-online", "title": "sand relaxed pants", "brand": "nonasties", "category": "khaki pants", "price_inr": 1399.99, "in_stock": false, "colors_available": [], "sizes_available": [], "description": "", "score": 0.7651541, "from_query": "casual pants"}, {"product_id": "offduty.in#black-relaxed-fit-pant", "title": "black relaxed fit pant", "brand": "offduty", "category": "relaxed fit chinos", "price_inr": 500.0, "in_stock": true, "colors_available": ["black"], "sizes_available": ["2xl", "l/xl", "s/m", "XS"], "description": "", "score": 0.79888296, "from_query": "casual pants"}, {"product_id": "offduty.in#nude-relaxed-fit-pant", "title": "nude relaxed fit pant", "brand": "offduty", "category": "relaxed fit chinos", "price_inr": 750.0, "in_stock": true, "colors_available": [], "sizes_available": ["l/xl", "s/m", "XS"], "description": "", "score": 0.7651535, "from_query": "casual pants"}, {"product_id": "www.nonasties.in#sustainable-sand-organic-cotton-tapered-pants-for-women-online", "title": "sand tapered pants", "brand": "nonasties", "category": "tapered chinos", "price_inr": 1249.99, "in_stock": false, "colors_available": [], "sizes_available": [], "description": "", "score": 0.76473516, "from_query": "slim fit pants"}], "user_gender": "unknown"}\'}\', error: \'dict\' object has no attribute \'ToolResult\'\n'][0m
[2m2025-11-10T14:46:43.525941Z[0m [[31m[1merror    [0m] [1m[R3dkDSZ4pmR::process][ToolCaller] Execution::Error: ToolId: built-in:generate_conversational_response_local', Arguments:
{
  "search_results_json": "{\"original_query\": \"masculine outfit for date night to pair with blue jeans\", \"discovery_queries\": [\"formal trousers\", \"casual pants\", \"denim jeans\", \"slim fit pants\"], \"total_products_found\": 11, \"products\": [{\"product_id\": \"toffle.in#blue-follow-jeans\", \"title\": \"blue follow jeans\", \"brand\": \"toffle\", \"category\": \"boyfriend jeans\", \"price_inr\": 6000.0, \"in_stock\": true, \"colors_available\": [], \"sizes_available\": [], \"description\": \"\", \"score\": 0.8005164, \"from_query\": \"denim jeans\"}, {\"product_id\": \"thehouseofrare.com#pax-mens-trouser-blue\", \"title\": \"rare rabbit men's pax blue cotton blend plain straight fit trouser\", \"brand\": \"thehouseofrare\", \"category\": \"mid-rise straight pants\", \"price_inr\": 2319.0, \"in_stock\": true, \"colors_available\": [\"blue\"], \"sizes_available\": [\"28\", \"30\", \"32\", \"34\", \"36\", \"38\"], \"description\": \"\", \"score\": 0.7414318, \"from_query\": \"formal trousers\"}, {\"product_id\": \"thehouseofrare.com#zimba-mens-trouser-grey\", \"title\": \"rare rabbit men's zimba grey polyester blend striped print straight fit trouser\", \"brand\": \"thehouseofrare\", \"category\": \"classic dress trousers\", \"price_inr\": 2379.0, \"in_stock\": true, \"colors_available\": [\"grey\"], \"sizes_available\": [\"28\", \"30\", \"32\", \"34\", \"36\", \"38\"], \"description\": \"\", \"score\": 0.7321162, \"from_query\": \"formal trousers\"}, {\"product_id\": \"hiphopclothingindia.com#denim-jacket-indigo-contrast-stitch-utility-jacket\", \"title\": \"denim jacket- indigo contrast-stitch utility jacket\", \"brand\": \"hiphopclothingindia\", \"category\": \"classic denim jackets\", \"price_inr\": null, \"in_stock\": false, \"colors_available\": [], \"sizes_available\": [], \"description\": \"\", \"score\": 0.8154304, \"from_query\": \"denim jeans\"}, {\"product_id\": \"www.shopcapsul.com#hover-denim-scope\", \"title\": \"hover denim (scope)\", \"brand\": \"shopcapsul\", \"category\": \"distressed jeans\", \"price_inr\": 15000.0, \"in_stock\": true, \"colors_available\": [], \"sizes_available\": [\"30\", \"36\"], \"description\": \"\", \"score\": 0.79165137, \"from_query\": \"denim jeans\"}, {\"product_id\": \"toffle.in#punk-pants\", \"title\": \"punk pants\", \"brand\": \"toffle\", \"category\": \"slim fit jeans\", \"price_inr\": 9999.0, \"in_stock\": true, \"colors_available\": [], \"sizes_available\": [], \"description\": \"\", \"score\": 0.76745063, \"from_query\": \"slim fit pants\"}, {\"product_id\": \"www.nonasties.in#tapered-pants-black\", \"title\": \"black tapered pants\", \"brand\": \"nonasties\", \"category\": \"black chinos\", \"price_inr\": 2999.0, \"in_stock\": false, \"colors_available\": [], \"sizes_available\": [], \"description\": \"\", \"score\": 0.75085896, \"from_query\": \"formal trousers\"}, {\"product_id\": \"www.nonasties.in#sand-beige-relaxed-fit-organic-cotton-pants-for-men-online\", \"title\": \"sand relaxed pants\", \"brand\": \"nonasties\", \"category\": \"khaki pants\", \"price_inr\": 1399.99, \"in_stock\": false, \"colors_available\": [], \"sizes_available\": [], \"description\": \"\", \"score\": 0.7651541, \"from_query\": \"casual pants\"}, {\"product_id\": \"offduty.in#black-relaxed-fit-pant\", \"title\": \"black relaxed fit pant\", \"brand\": \"offduty\", \"category\": \"relaxed fit chinos\", \"price_inr\": 500.0, \"in_stock\": true, \"colors_available\": [\"black\"], \"sizes_available\": [\"2xl\", \"l/xl\", \"s/m\", \"XS\"], \"description\": \"\", \"score\": 0.79888296, \"from_query\": \"casual pants\"}, {\"product_id\": \"offduty.in#nude-relaxed-fit-pant\", \"title\": \"nude relaxed fit pant\", \"brand\": \"offduty\", \"category\": \"relaxed fit chinos\", \"price_inr\": 750.0, \"in_stock\": true, \"colors_available\": [], \"sizes_available\": [\"l/xl\", \"s/m\", \"XS\"], \"description\": \"\", \"score\": 0.7651535, \"from_query\": \"casual pants\"}, {\"product_id\": \"www.nonasties.in#sustainable-sand-organic-cotton-tapered-pants-for-women-online\", \"title\": \"sand tapered pants\", \"brand\": \"nonasties\", \"category\": \"tapered chinos\", \"price_inr\": 1249.99, \"in_stock\": false, \"colors_available\": [], \"sizes_available\": [], \"description\": \"\", \"score\": 0.76473516, \"from_query\": \"slim fit pants\"}], \"user_gender\": \"unknown\"}"
}
Traceback:
Traceback (most recent call last):

  File "D:\muse3.0\Parlant_mem0\myenv\Lib\site-packages\parlant\core\engines\alpha\tool_calling\tool_caller.py", line 263, in _run_tool
    result = await service.call_tool(
             ^^^^^^^^^^^^^^^^^^^^^^^^

  File "D:\muse3.0\Parlant_mem0\myenv\Lib\site-packages\parlant\core\services\tools\plugins.py", line 943, in call_tool
    raise exc

  File "D:\muse3.0\Parlant_mem0\myenv\Lib\site-packages\parlant\core\services\tools\plugins.py", line 933, in call_tool
    raise ToolExecutionError(

parlant.core.tools.ToolExecutionError: Tool error (tool='generate_conversational_response_local'): url='http://127.0.0.1:8818', arguments='{'search_results_json': '{"original_query": "masculine outfit for date night to pair with blue jeans", "discovery_queries": ["formal trousers", "casual pants", "denim jeans", "slim fit pants"], "total_products_found": 11, "products": [{"product_id": "toffle.in#blue-follow-jeans", "title": "blue follow jeans", "brand": "toffle", "category": "boyfriend jeans", "price_inr": 6000.0, "in_stock": true, "colors_available": [], "sizes_available": [], "description": "", "score": 0.8005164, "from_query": "denim jeans"}, {"product_id": "thehouseofrare.com#pax-mens-trouser-blue", "title": "rare rabbit men\'s pax blue cotton blend plain straight fit trouser", "brand": "thehouseofrare", "category": "mid-rise straight pants", "price_inr": 2319.0, "in_stock": true, "colors_available": ["blue"], "sizes_available": ["28", "30", "32", "34", "36", "38"], "description": "", "score": 0.7414318, "from_query": "formal trousers"}, {"product_id": "thehouseofrare.com#zimba-mens-trouser-grey", "title": "rare rabbit men\'s zimba grey polyester blend striped print straight fit trouser", "brand": "thehouseofrare", "category": "classic dress trousers", "price_inr": 2379.0, "in_stock": true, "colors_available": ["grey"], "sizes_available": ["28", "30", "32", "34", "36", "38"], "description": "", "score": 0.7321162, "from_query": "formal trousers"}, {"product_id": "hiphopclothingindia.com#denim-jacket-indigo-contrast-stitch-utility-jacket", "title": "denim jacket- indigo contrast-stitch utility jacket", "brand": "hiphopclothingindia", "category": "classic denim jackets", "price_inr": null, "in_stock": false, "colors_available": [], "sizes_available": [], "description": "", "score": 0.8154304, "from_query": "denim jeans"}, {"product_id": "www.shopcapsul.com#hover-denim-scope", "title": "hover denim (scope)", "brand": "shopcapsul", "category": "distressed jeans", "price_inr": 15000.0, "in_stock": true, "colors_available": [], "sizes_available": ["30", "36"], "description": "", "score": 0.79165137, "from_query": "denim jeans"}, {"product_id": "toffle.in#punk-pants", "title": "punk pants", "brand": "toffle", "category": "slim fit jeans", "price_inr": 9999.0, "in_stock": true, "colors_available": [], "sizes_available": [], "description": "", "score": 0.76745063, "from_query": "slim fit pants"}, {"product_id": "www.nonasties.in#tapered-pants-black", "title": "black tapered pants", "brand": "nonasties", "category": "black chinos", "price_inr": 2999.0, "in_stock": false, "colors_available": [], "sizes_available": [], "description": "", "score": 0.75085896, "from_query": "formal trousers"}, {"product_id": "www.nonasties.in#sand-beige-relaxed-fit-organic-cotton-pants-for-men-online", "title": "sand relaxed pants", "brand": "nonasties", "category": "khaki pants", "price_inr": 1399.99, "in_stock": false, "colors_available": [], "sizes_available": [], "description": "", "score": 0.7651541, "from_query": "casual pants"}, {"product_id": "offduty.in#black-relaxed-fit-pant", "title": "black relaxed fit pant", "brand": "offduty", "category": "relaxed fit chinos", "price_inr": 500.0, "in_stock": true, "colors_available": ["black"], "sizes_available": ["2xl", "l/xl", "s/m", "XS"], "description": "", "score": 0.79888296, "from_query": "casual pants"}, {"product_id": "offduty.in#nude-relaxed-fit-pant", "title": "nude relaxed fit pant", "brand": "offduty", "category": "relaxed fit chinos", "price_inr": 750.0, "in_stock": true, "colors_available": [], "sizes_available": ["l/xl", "s/m", "XS"], "description": "", "score": 0.7651535, "from_query": "casual pants"}, {"product_id": "www.nonasties.in#sustainable-sand-organic-cotton-tapered-pants-for-women-online", "title": "sand tapered pants", "brand": "nonasties", "category": "tapered chinos", "price_inr": 1249.99, "in_stock": false, "colors_available": [], "sizes_available": [], "description": "", "score": 0.76473516, "from_query": "slim fit pants"}], "user_gender": "unknown"}'}', error: 'dict' object has no attribute 'ToolResult'
[0m
[2m2025-11-10T14:48:02.470194Z[0m [[32m[1minfo     [0m] [1m[R3dkDSZ4pmR::process] Processing context for session WAHQRIYCxN finished in 174.032 seconds[0m
[2m2025-11-10T15:51:46.548657Z[0m [[32m[1minfo     [0m] [1m[<main>] BackgroundTaskService: Cancelling all remaining tasks (2)[0m
[2m2025-11-10T15:51:47.306794Z[0m [[32m[1minfo     [0m] [1m[<main>] BackgroundTaskService: Cancelling all remaining tasks (1)[0m
[2m2025-11-10T15:51:47.306794Z[0m [[32m[1minfo     [0m] [1m[<main>] BackgroundTaskService: Shutting down[0m
[2m2025-11-10T17:46:00.445666Z[0m [[32m[1minfo     [0m] [1m[<main>] Parlant server version 3.0.3[0m
[2m2025-11-10T17:46:00.499330Z[0m [[32m[1minfo     [0m] [1m[<main>] Using home directory 'D:\muse3.0\Parlant_mem0\fashion-bot\parlant-data'[0m
[2m2025-11-10T17:46:00.521789Z[0m [[32m[1minfo     [0m] [1m[<main>] No external modules selected[0m
[2m2025-11-10T17:46:01.461345Z[0m [[32m[1minfo     [0m] [1m[<main>] Initialized OpenAIService[0m
[2m2025-11-10T17:46:15.712958Z[0m [[32m[1minfo     [0m] [1m[<main>] .-----------------------------------------.[0m
[2m2025-11-10T17:46:15.713951Z[0m [[32m[1minfo     [0m] [1m[<main>] | Server is ready for some serious action |[0m
[2m2025-11-10T17:46:15.713951Z[0m [[32m[1minfo     [0m] [1m[<main>] '-----------------------------------------'[0m
[2m2025-11-10T17:46:15.713951Z[0m [[32m[1minfo     [0m] [1m[<main>] Server authorization policy: development[0m
[2m2025-11-10T17:46:15.713951Z[0m [[32m[1minfo     [0m] [1m[<main>] Try the Sandbox UI at http://localhost:8800[0m
[2m2025-11-10T17:49:50.738675Z[0m [[32m[1minfo     [0m] [1m[ReeB0JdQbyS::process] Processing context for session dBtPuAty6n finished in 53.6 seconds[0m
[2m2025-11-10T17:52:05.657090Z[0m [[32m[1minfo     [0m] [1m[ROjmrwUqQG9::process] Processing context for session dBtPuAty6n finished in 20.541 seconds[0m
[2m2025-11-10T17:52:47.881664Z[0m [[32m[1minfo     [0m] [1m[R54WetwKgx8::process] Processing context for session dBtPuAty6n finished in 16.775 seconds[0m
[2m2025-11-10T17:55:12.682678Z[0m [[31m[1merror    [0m] [1m[RQVZbNMMYKk::process][ToolCaller] Execution::Result: Tool call failed (built-in:generate_conversational_response_local/h9ATERWL5j)
['Traceback (most recent call last):\n', '  File "D:\\muse3.0\\Parlant_mem0\\myenv\\Lib\\site-packages\\parlant\\core\\engines\\alpha\\tool_calling\\tool_caller.py", line 263, in _run_tool\n    result = await service.call_tool(\n             ^^^^^^^^^^^^^^^^^^^^^^^^\n', '  File "D:\\muse3.0\\Parlant_mem0\\myenv\\Lib\\site-packages\\parlant\\core\\services\\tools\\plugins.py", line 943, in call_tool\n    raise exc\n', '  File "D:\\muse3.0\\Parlant_mem0\\myenv\\Lib\\site-packages\\parlant\\core\\services\\tools\\plugins.py", line 933, in call_tool\n    raise ToolExecutionError(\n', 'parlant.core.tools.ToolExecutionError: Tool error (tool=\'generate_conversational_response_local\'): url=\'http://127.0.0.1:8818\', arguments=\'{\'search_results_json\': \'{"original_query": "What pairs well with an olive polo shirt?", "discovery_queries": ["navy blue polo shirt", "beige polo shirt", "white polo shirt", "black polo shirt"], "total_products_found": 11, "products": [{"product_id": "trapin.co#textured-knit-polo-t-shirt-black", "title": "textured knit polo t-shirt - black", "brand": "trapin", "category": "casual polo shirts", "price_inr": 1490.0, "in_stock": true, "colors_available": ["black"], "sizes_available": ["L", "XL"], "description": "", "score": 0.7650417, "from_query": "black polo shirt"}, {"product_id": "trapin.co#textured-knit-polo-t-shirt-off-white", "title": "textured knit polo t-shirt - off white", "brand": "trapin", "category": "short sleeve polos", "price_inr": 1490.0, "in_stock": true, "colors_available": ["off-white"], "sizes_available": ["L", "S", "XL"], "description": "", "score": 0.7266443, "from_query": "white polo shirt"}, {"product_id": "trapin.co#beige-striped-polo-t-shirt", "title": "beige striped polo tshirt", "brand": "trapin", "category": "striped polo shirts", "price_inr": 1490.0, "in_stock": true, "colors_available": ["beige weight - 220-230 grams fit - regular collar - polo neck"], "sizes_available": ["XL"], "description": "", "score": 0.8109335, "from_query": "beige polo shirt"}, {"product_id": "trapin.co#signature-knit-polo-t-shirt-black", "title": "signature knit polo t-shirt - black", "brand": "trapin", "category": "casual polo shirts", "price_inr": 1490.0, "in_stock": true, "colors_available": ["black"], "sizes_available": ["S", "XL"], "description": "", "score": 0.7535601, "from_query": "black polo shirt"}, {"product_id": "trapin.co#vertical-rib-knit-polo-t-shirt-black", "title": "vertical rib knit polo t-shirt  - black", "brand": "trapin", "category": "cotton polo shirts", "price_inr": 1490.0, "in_stock": true, "colors_available": ["black"], "sizes_available": ["L", "M", "S", "XL"], "description": "", "score": 0.7574037, "from_query": "black polo shirt"}, {"product_id": "trapin.co#vertical-rib-knit-polo-t-shirt-navy-blue", "title": "vertical rib knit polo t-shirt  -  navy blue", "brand": "trapin", "category": "casual polo knits", "price_inr": 1490.0, "in_stock": true, "colors_available": ["navy blue"], "sizes_available": ["L", "M", "S", "XL"], "description": "", "score": 0.77815825, "from_query": "navy blue polo shirt"}, {"product_id": "trapin.co#vertical-rib-knit-polo-t-shirt-white", "title": "vertical rib knit polo t-shirt  - white", "brand": "trapin", "category": "casual polo knits", "price_inr": 1490.0, "in_stock": true, "colors_available": ["white"], "sizes_available": ["L", "M", "S", "XL"], "description": "", "score": 0.7303685, "from_query": "white polo shirt"}, {"product_id": "thehouseofrare.com#mabe-mens-polo-beige", "title": "rare rabbit men\\\'s mabe beige cotton plain regular fit half sleeve polo", "brand": "thehouseofrare", "category": "regular fit polo shirts", "price_inr": 1785.0, "in_stock": true, "colors_available": ["beige"], "sizes_available": ["xs-36", "s-38", "m-40", "l-42", "xl-44", "xxl-46", "3xl-48"], "description": "", "score": 0.7549551, "from_query": "beige polo shirt"}, {"product_id": "trapin.co#signature-knit-polo-t-shirt-navy-blue", "title": "signature knit polo t-shirt - navy blue", "brand": "trapin", "category": "casual polo knits", "price_inr": 1490.0, "in_stock": true, "colors_available": ["navy blue"], "sizes_available": ["S", "XL"], "description": "", "score": 0.7745712, "from_query": "navy blue polo shirt"}, {"product_id": "thehouseofrare.com#kace-mens-polo-beige", "title": "rare rabbit men\\\'s kace beige cotton plain oversized fit half sleeve polo", "brand": "thehouseofrare", "category": "solid color polos", "price_inr": 1763.0, "in_stock": true, "colors_available": ["beige"], "sizes_available": ["xs-36", "s-38", "m-40", "l-42", "xl-44", "xxl-46"], "description": "", "score": 0.76026046, "from_query": "beige polo shirt"}, {"product_id": "www.nonasties.in#navy-blue-classic-organic-cotton-t-shirt-for-men-online", "title": "navy classic tee", "brand": "nonasties", "category": "basic crew neck tees", "price_inr": 1199.0, "in_stock": true, "colors_available": [], "sizes_available": ["S", "M", "L", "XL"], "description": "", "score": 0.7797804, "from_query": "navy blue polo shirt"}], "user_gender": "unknown"}\'}\', error: \'dict\' object has no attribute \'ToolResult\'\n'][0m
[2m2025-11-10T17:55:12.707336Z[0m [[31m[1merror    [0m] [1m[RQVZbNMMYKk::process][ToolCaller] Execution::Error: ToolId: built-in:generate_conversational_response_local', Arguments:
{
  "search_results_json": "{\"original_query\": \"What pairs well with an olive polo shirt?\", \"discovery_queries\": [\"navy blue polo shirt\", \"beige polo shirt\", \"white polo shirt\", \"black polo shirt\"], \"total_products_found\": 11, \"products\": [{\"product_id\": \"trapin.co#textured-knit-polo-t-shirt-black\", \"title\": \"textured knit polo t-shirt - black\", \"brand\": \"trapin\", \"category\": \"casual polo shirts\", \"price_inr\": 1490.0, \"in_stock\": true, \"colors_available\": [\"black\"], \"sizes_available\": [\"L\", \"XL\"], \"description\": \"\", \"score\": 0.7650417, \"from_query\": \"black polo shirt\"}, {\"product_id\": \"trapin.co#textured-knit-polo-t-shirt-off-white\", \"title\": \"textured knit polo t-shirt - off white\", \"brand\": \"trapin\", \"category\": \"short sleeve polos\", \"price_inr\": 1490.0, \"in_stock\": true, \"colors_available\": [\"off-white\"], \"sizes_available\": [\"L\", \"S\", \"XL\"], \"description\": \"\", \"score\": 0.7266443, \"from_query\": \"white polo shirt\"}, {\"product_id\": \"trapin.co#beige-striped-polo-t-shirt\", \"title\": \"beige striped polo tshirt\", \"brand\": \"trapin\", \"category\": \"striped polo shirts\", \"price_inr\": 1490.0, \"in_stock\": true, \"colors_available\": [\"beige weight - 220-230 grams fit - regular collar - polo neck\"], \"sizes_available\": [\"XL\"], \"description\": \"\", \"score\": 0.8109335, \"from_query\": \"beige polo shirt\"}, {\"product_id\": \"trapin.co#signature-knit-polo-t-shirt-black\", \"title\": \"signature knit polo t-shirt - black\", \"brand\": \"trapin\", \"category\": \"casual polo shirts\", \"price_inr\": 1490.0, \"in_stock\": true, \"colors_available\": [\"black\"], \"sizes_available\": [\"S\", \"XL\"], \"description\": \"\", \"score\": 0.7535601, \"from_query\": \"black polo shirt\"}, {\"product_id\": \"trapin.co#vertical-rib-knit-polo-t-shirt-black\", \"title\": \"vertical rib knit polo t-shirt  - black\", \"brand\": \"trapin\", \"category\": \"cotton polo shirts\", \"price_inr\": 1490.0, \"in_stock\": true, \"colors_available\": [\"black\"], \"sizes_available\": [\"L\", \"M\", \"S\", \"XL\"], \"description\": \"\", \"score\": 0.7574037, \"from_query\": \"black polo shirt\"}, {\"product_id\": \"trapin.co#vertical-rib-knit-polo-t-shirt-navy-blue\", \"title\": \"vertical rib knit polo t-shirt  -  navy blue\", \"brand\": \"trapin\", \"category\": \"casual polo knits\", \"price_inr\": 1490.0, \"in_stock\": true, \"colors_available\": [\"navy blue\"], \"sizes_available\": [\"L\", \"M\", \"S\", \"XL\"], \"description\": \"\", \"score\": 0.77815825, \"from_query\": \"navy blue polo shirt\"}, {\"product_id\": \"trapin.co#vertical-rib-knit-polo-t-shirt-white\", \"title\": \"vertical rib knit polo t-shirt  - white\", \"brand\": \"trapin\", \"category\": \"casual polo knits\", \"price_inr\": 1490.0, \"in_stock\": true, \"colors_available\": [\"white\"], \"sizes_available\": [\"L\", \"M\", \"S\", \"XL\"], \"description\": \"\", \"score\": 0.7303685, \"from_query\": \"white polo shirt\"}, {\"product_id\": \"thehouseofrare.com#mabe-mens-polo-beige\", \"title\": \"rare rabbit men's mabe beige cotton plain regular fit half sleeve polo\", \"brand\": \"thehouseofrare\", \"category\": \"regular fit polo shirts\", \"price_inr\": 1785.0, \"in_stock\": true, \"colors_available\": [\"beige\"], \"sizes_available\": [\"xs-36\", \"s-38\", \"m-40\", \"l-42\", \"xl-44\", \"xxl-46\", \"3xl-48\"], \"description\": \"\", \"score\": 0.7549551, \"from_query\": \"beige polo shirt\"}, {\"product_id\": \"trapin.co#signature-knit-polo-t-shirt-navy-blue\", \"title\": \"signature knit polo t-shirt - navy blue\", \"brand\": \"trapin\", \"category\": \"casual polo knits\", \"price_inr\": 1490.0, \"in_stock\": true, \"colors_available\": [\"navy blue\"], \"sizes_available\": [\"S\", \"XL\"], \"description\": \"\", \"score\": 0.7745712, \"from_query\": \"navy blue polo shirt\"}, {\"product_id\": \"thehouseofrare.com#kace-mens-polo-beige\", \"title\": \"rare rabbit men's kace beige cotton plain oversized fit half sleeve polo\", \"brand\": \"thehouseofrare\", \"category\": \"solid color polos\", \"price_inr\": 1763.0, \"in_stock\": true, \"colors_available\": [\"beige\"], \"sizes_available\": [\"xs-36\", \"s-38\", \"m-40\", \"l-42\", \"xl-44\", \"xxl-46\"], \"description\": \"\", \"score\": 0.76026046, \"from_query\": \"beige polo shirt\"}, {\"product_id\": \"www.nonasties.in#navy-blue-classic-organic-cotton-t-shirt-for-men-online\", \"title\": \"navy classic tee\", \"brand\": \"nonasties\", \"category\": \"basic crew neck tees\", \"price_inr\": 1199.0, \"in_stock\": true, \"colors_available\": [], \"sizes_available\": [\"S\", \"M\", \"L\", \"XL\"], \"description\": \"\", \"score\": 0.7797804, \"from_query\": \"navy blue polo shirt\"}], \"user_gender\": \"unknown\"}"
}
Traceback:
Traceback (most recent call last):

  File "D:\muse3.0\Parlant_mem0\myenv\Lib\site-packages\parlant\core\engines\alpha\tool_calling\tool_caller.py", line 263, in _run_tool
    result = await service.call_tool(
             ^^^^^^^^^^^^^^^^^^^^^^^^

  File "D:\muse3.0\Parlant_mem0\myenv\Lib\site-packages\parlant\core\services\tools\plugins.py", line 943, in call_tool
    raise exc

  File "D:\muse3.0\Parlant_mem0\myenv\Lib\site-packages\parlant\core\services\tools\plugins.py", line 933, in call_tool
    raise ToolExecutionError(

parlant.core.tools.ToolExecutionError: Tool error (tool='generate_conversational_response_local'): url='http://127.0.0.1:8818', arguments='{'search_results_json': '{"original_query": "What pairs well with an olive polo shirt?", "discovery_queries": ["navy blue polo shirt", "beige polo shirt", "white polo shirt", "black polo shirt"], "total_products_found": 11, "products": [{"product_id": "trapin.co#textured-knit-polo-t-shirt-black", "title": "textured knit polo t-shirt - black", "brand": "trapin", "category": "casual polo shirts", "price_inr": 1490.0, "in_stock": true, "colors_available": ["black"], "sizes_available": ["L", "XL"], "description": "", "score": 0.7650417, "from_query": "black polo shirt"}, {"product_id": "trapin.co#textured-knit-polo-t-shirt-off-white", "title": "textured knit polo t-shirt - off white", "brand": "trapin", "category": "short sleeve polos", "price_inr": 1490.0, "in_stock": true, "colors_available": ["off-white"], "sizes_available": ["L", "S", "XL"], "description": "", "score": 0.7266443, "from_query": "white polo shirt"}, {"product_id": "trapin.co#beige-striped-polo-t-shirt", "title": "beige striped polo tshirt", "brand": "trapin", "category": "striped polo shirts", "price_inr": 1490.0, "in_stock": true, "colors_available": ["beige weight - 220-230 grams fit - regular collar - polo neck"], "sizes_available": ["XL"], "description": "", "score": 0.8109335, "from_query": "beige polo shirt"}, {"product_id": "trapin.co#signature-knit-polo-t-shirt-black", "title": "signature knit polo t-shirt - black", "brand": "trapin", "category": "casual polo shirts", "price_inr": 1490.0, "in_stock": true, "colors_available": ["black"], "sizes_available": ["S", "XL"], "description": "", "score": 0.7535601, "from_query": "black polo shirt"}, {"product_id": "trapin.co#vertical-rib-knit-polo-t-shirt-black", "title": "vertical rib knit polo t-shirt  - black", "brand": "trapin", "category": "cotton polo shirts", "price_inr": 1490.0, "in_stock": true, "colors_available": ["black"], "sizes_available": ["L", "M", "S", "XL"], "description": "", "score": 0.7574037, "from_query": "black polo shirt"}, {"product_id": "trapin.co#vertical-rib-knit-polo-t-shirt-navy-blue", "title": "vertical rib knit polo t-shirt  -  navy blue", "brand": "trapin", "category": "casual polo knits", "price_inr": 1490.0, "in_stock": true, "colors_available": ["navy blue"], "sizes_available": ["L", "M", "S", "XL"], "description": "", "score": 0.77815825, "from_query": "navy blue polo shirt"}, {"product_id": "trapin.co#vertical-rib-knit-polo-t-shirt-white", "title": "vertical rib knit polo t-shirt  - white", "brand": "trapin", "category": "casual polo knits", "price_inr": 1490.0, "in_stock": true, "colors_available": ["white"], "sizes_available": ["L", "M", "S", "XL"], "description": "", "score": 0.7303685, "from_query": "white polo shirt"}, {"product_id": "thehouseofrare.com#mabe-mens-polo-beige", "title": "rare rabbit men\'s mabe beige cotton plain regular fit half sleeve polo", "brand": "thehouseofrare", "category": "regular fit polo shirts", "price_inr": 1785.0, "in_stock": true, "colors_available": ["beige"], "sizes_available": ["xs-36", "s-38", "m-40", "l-42", "xl-44", "xxl-46", "3xl-48"], "description": "", "score": 0.7549551, "from_query": "beige polo shirt"}, {"product_id": "trapin.co#signature-knit-polo-t-shirt-navy-blue", "title": "signature knit polo t-shirt - navy blue", "brand": "trapin", "category": "casual polo knits", "price_inr": 1490.0, "in_stock": true, "colors_available": ["navy blue"], "sizes_available": ["S", "XL"], "description": "", "score": 0.7745712, "from_query": "navy blue polo shirt"}, {"product_id": "thehouseofrare.com#kace-mens-polo-beige", "title": "rare rabbit men\'s kace beige cotton plain oversized fit half sleeve polo", "brand": "thehouseofrare", "category": "solid color polos", "price_inr": 1763.0, "in_stock": true, "colors_available": ["beige"], "sizes_available": ["xs-36", "s-38", "m-40", "l-42", "xl-44", "xxl-46"], "description": "", "score": 0.76026046, "from_query": "beige polo shirt"}, {"product_id": "www.nonasties.in#navy-blue-classic-organic-cotton-t-shirt-for-men-online", "title": "navy classic tee", "brand": "nonasties", "category": "basic crew neck tees", "price_inr": 1199.0, "in_stock": true, "colors_available": [], "sizes_available": ["S", "M", "L", "XL"], "description": "", "score": 0.7797804, "from_query": "navy blue polo shirt"}], "user_gender": "unknown"}'}', error: 'dict' object has no attribute 'ToolResult'
[0m
[2m2025-11-10T18:06:23.851483Z[0m [[32m[1minfo     [0m] [1m[RQVZbNMMYKk::process] Processing context for session dBtPuAty6n finished in 724.661 seconds[0m
[2m2025-11-10T18:15:09.316004Z[0m [[32m[1minfo     [0m] [1m[<main>] BackgroundTaskService: Cancelling all remaining tasks (2)[0m
[2m2025-11-10T18:15:09.316004Z[0m [[32m[1minfo     [0m] [1m[<main>] BackgroundTaskService: Cancelling all remaining tasks (1)[0m
[2m2025-11-10T18:15:09.316004Z[0m [[32m[1minfo     [0m] [1m[<main>] BackgroundTaskService: Shutting down[0m
[2m2025-11-10T18:15:09.793216Z[0m [[33m[1mwarning  [0m] [1m[RlTGLGbA5q2] HTTP Request: GET /sessions/dBtPuAty6n/events cancelled after 22.731 seconds[0m
[2m2025-11-10T18:15:09.794229Z[0m [[33m[1mwarning  [0m] [1m[R4Gq33ptBaF] HTTP Request: GET /sessions/WAHQRIYCxN/events cancelled after 52.661 seconds[0m
[2m2025-11-10T18:16:09.419469Z[0m [[32m[1minfo     [0m] [1m[<main>] Parlant server version 3.0.3[0m
[2m2025-11-10T18:16:09.419469Z[0m [[32m[1minfo     [0m] [1m[<main>] Using home directory 'D:\muse3.0\Parlant_mem0\fashion-bot\parlant-data'[0m
[2m2025-11-10T18:16:09.437573Z[0m [[32m[1minfo     [0m] [1m[<main>] No external modules selected[0m
[2m2025-11-10T18:16:09.592914Z[0m [[32m[1minfo     [0m] [1m[<main>] Initialized OpenAIService[0m
[2m2025-11-10T18:16:22.871882Z[0m [[32m[1minfo     [0m] [1m[<main>] .-----------------------------------------.[0m
[2m2025-11-10T18:16:22.871882Z[0m [[32m[1minfo     [0m] [1m[<main>] | Server is ready for some serious action |[0m
[2m2025-11-10T18:16:22.871882Z[0m [[32m[1minfo     [0m] [1m[<main>] '-----------------------------------------'[0m
[2m2025-11-10T18:16:22.871882Z[0m [[32m[1minfo     [0m] [1m[<main>] Server authorization policy: development[0m
[2m2025-11-10T18:16:22.871882Z[0m [[32m[1minfo     [0m] [1m[<main>] Try the Sandbox UI at http://localhost:8800[0m
[2m2025-11-10T19:52:27.064481Z[0m [[32m[1minfo     [0m] [1m[<main>] Parlant server version 3.0.3[0m
[2m2025-11-10T19:52:27.064481Z[0m [[32m[1minfo     [0m] [1m[<main>] Using home directory 'D:\muse3.0\Parlant_mem0\fashion-bot\parlant-data'[0m
[2m2025-11-10T19:52:27.064481Z[0m [[32m[1minfo     [0m] [1m[<main>] No external modules selected[0m
[2m2025-11-10T19:52:27.474691Z[0m [[32m[1minfo     [0m] [1m[<main>] Initialized OpenAIService[0m
[2m2025-11-10T19:52:41.781711Z[0m [[32m[1minfo     [0m] [1m[<main>] .-----------------------------------------.[0m
[2m2025-11-10T19:52:41.781711Z[0m [[32m[1minfo     [0m] [1m[<main>] | Server is ready for some serious action |[0m
[2m2025-11-10T19:52:41.781711Z[0m [[32m[1minfo     [0m] [1m[<main>] '-----------------------------------------'[0m
[2m2025-11-10T19:52:41.781711Z[0m [[32m[1minfo     [0m] [1m[<main>] Server authorization policy: development[0m
[2m2025-11-10T19:52:41.781711Z[0m [[32m[1minfo     [0m] [1m[<main>] Try the Sandbox UI at http://localhost:8800[0m
[2m2025-11-10T19:54:45.908221Z[0m [[32m[1minfo     [0m] [1m[RdFK7YqYhj0::process] Processing context for session ZlpGEk1Xpl finished in 27.065 seconds[0m
[2m2025-11-10T19:57:11.032955Z[0m [[32m[1minfo     [0m] [1m[RWO7Nl2TkN1::process] Processing context for session ZlpGEk1Xpl finished in 117.743 seconds[0m
[2m2025-11-10T19:59:18.854116Z[0m [[32m[1minfo     [0m] [1m[RsnuxzOmwzG::process] Processing context for session ZlpGEk1Xpl finished in 96.168 seconds[0m
[2m2025-11-10T20:19:01.670808Z[0m [[32m[1minfo     [0m] [1m[<main>] Parlant server version 3.0.3[0m
[2m2025-11-10T20:19:01.670808Z[0m [[32m[1minfo     [0m] [1m[<main>] Using home directory 'D:\muse3.0\Parlant_mem0\fashion-bot\parlant-data'[0m
[2m2025-11-10T20:19:01.673601Z[0m [[32m[1minfo     [0m] [1m[<main>] No external modules selected[0m
[2m2025-11-10T20:19:01.877553Z[0m [[32m[1minfo     [0m] [1m[<main>] Initialized OpenAIService[0m
[2m2025-11-10T20:19:24.345313Z[0m [[32m[1minfo     [0m] [1m[<main>] .-----------------------------------------.[0m
[2m2025-11-10T20:19:24.346325Z[0m [[32m[1minfo     [0m] [1m[<main>] | Server is ready for some serious action |[0m
[2m2025-11-10T20:19:24.346325Z[0m [[32m[1minfo     [0m] [1m[<main>] '-----------------------------------------'[0m
[2m2025-11-10T20:19:24.346325Z[0m [[32m[1minfo     [0m] [1m[<main>] Server authorization policy: development[0m
[2m2025-11-10T20:19:24.346325Z[0m [[32m[1minfo     [0m] [1m[<main>] Try the Sandbox UI at http://localhost:8800[0m
[2m2025-11-10T20:20:09.576705Z[0m [[33m[1mwarning  [0m] [1m[R0qvdHC3IcW::process][GuidelineMatcher][Processing response analysis batches][GenericResponseAnalysisBatch][1 guidelines in 1 batches (batch size=5)][Batch of 1 guidelines][OpenAISchematicGenerator][LLM Request (GenericResponseAnalysisSchema)] LLM Request (GenericResponseAnalysisSchema) cancelled after 19.12 seconds[0m
[2m2025-11-10T20:20:09.576705Z[0m [[33m[1mwarning  [0m] [1m[R0qvdHC3IcW::process][GuidelineMatcher][Processing response analysis batches][GenericResponseAnalysisBatch][1 guidelines in 1 batches (batch size=5)][Batch of 1 guidelines][OpenAISchematicGenerator][LLM Request (GenericResponseAnalysisSchema)] Batch of 1 guidelines cancelled after 19.122 seconds[0m
[2m2025-11-10T20:20:09.577719Z[0m [[33m[1mwarning  [0m] [1m[R0qvdHC3IcW::process][GuidelineMatcher][Processing response analysis batches][GenericResponseAnalysisBatch][1 guidelines in 1 batches (batch size=5)] 1 guidelines in 1 batches (batch size=5) cancelled after 19.123 seconds[0m
[2m2025-11-10T20:20:09.577719Z[0m [[33m[1mwarning  [0m] [1m[R0qvdHC3IcW::process][GuidelineMatcher][Processing response analysis batches] Processing response analysis batches cancelled after 19.123 seconds[0m
[2m2025-11-10T20:20:09.578711Z[0m [[32m[1minfo     [0m] [1m[R0qvdHC3IcW::process][GuidelineMatcher][Processing response analysis batches] Processing context for session tXPlqetJlw finished in 32.892 seconds[0m
[2m2025-11-10T20:22:13.718107Z[0m [[32m[1minfo     [0m] [1m[RCwgNeAGGYq::process] Processing context for session tXPlqetJlw finished in 124.137 seconds[0m
[2m2025-11-10T20:23:28.488332Z[0m [[31m[1merror    [0m] [1m[RKbV4RF7RIV::process][ToolCaller] Execution::Result: Tool call failed (built-in:get_user_profile_local/bNbluyS9Rv)
['Traceback (most recent call last):\n', '  File "D:\\muse3.0\\Parlant_mem0\\myenv\\Lib\\site-packages\\httpx\\_transports\\default.py", line 101, in map_httpcore_exceptions\n    yield\n', '  File "D:\\muse3.0\\Parlant_mem0\\myenv\\Lib\\site-packages\\httpx\\_transports\\default.py", line 394, in handle_async_request\n    resp = await self._pool.handle_async_request(req)\n           ^^^^^^^^^^^^^^^^^^^^^^^^^^^^^^^^^^^^^^^^^^\n', '  File "D:\\muse3.0\\Parlant_mem0\\myenv\\Lib\\site-packages\\httpcore\\_async\\connection_pool.py", line 256, in handle_async_request\n    raise exc from None\n', '  File "D:\\muse3.0\\Parlant_mem0\\myenv\\Lib\\site-packages\\httpcore\\_async\\connection_pool.py", line 236, in handle_async_request\n    response = await connection.handle_async_request(\n               ^^^^^^^^^^^^^^^^^^^^^^^^^^^^^^^^^^^^^^\n', '  File "D:\\muse3.0\\Parlant_mem0\\myenv\\Lib\\site-packages\\httpcore\\_async\\connection.py", line 103, in handle_async_request\n    return await self._connection.handle_async_request(request)\n           ^^^^^^^^^^^^^^^^^^^^^^^^^^^^^^^^^^^^^^^^^^^^^^^^^^^^\n', '  File "D:\\muse3.0\\Parlant_mem0\\myenv\\Lib\\site-packages\\httpcore\\_async\\http11.py", line 136, in handle_async_request\n    raise exc\n', '  File "D:\\muse3.0\\Parlant_mem0\\myenv\\Lib\\site-packages\\httpcore\\_async\\http11.py", line 106, in handle_async_request\n    ) = await self._receive_response_headers(**kwargs)\n        ^^^^^^^^^^^^^^^^^^^^^^^^^^^^^^^^^^^^^^^^^^^^^^\n', '  File "D:\\muse3.0\\Parlant_mem0\\myenv\\Lib\\site-packages\\httpcore\\_async\\http11.py", line 177, in _receive_response_headers\n    event = await self._receive_event(timeout=timeout)\n            ^^^^^^^^^^^^^^^^^^^^^^^^^^^^^^^^^^^^^^^^^^\n', '  File "D:\\muse3.0\\Parlant_mem0\\myenv\\Lib\\site-packages\\httpcore\\_async\\http11.py", line 217, in _receive_event\n    data = await self._network_stream.read(\n           ^^^^^^^^^^^^^^^^^^^^^^^^^^^^^^^^\n', '  File "D:\\muse3.0\\Parlant_mem0\\myenv\\Lib\\site-packages\\httpcore\\_backends\\anyio.py", line 32, in read\n    with map_exceptions(exc_map):\n', '  File "C:\\Users\\Vedant\\AppData\\Local\\Programs\\Python\\Python311\\Lib\\contextlib.py", line 155, in __exit__\n    self.gen.throw(typ, value, traceback)\n', '  File "D:\\muse3.0\\Parlant_mem0\\myenv\\Lib\\site-packages\\httpcore\\_exceptions.py", line 14, in map_exceptions\n    raise to_exc(exc) from exc\n', 'httpcore.ReadError\n', '\nThe above exception was the direct cause of the following exception:\n\n', 'Traceback (most recent call last):\n', '  File "D:\\muse3.0\\Parlant_mem0\\myenv\\Lib\\site-packages\\parlant\\core\\services\\tools\\plugins.py", line 859, in call_tool\n    async with self._http_client.stream(\n', '  File "C:\\Users\\Vedant\\AppData\\Local\\Programs\\Python\\Python311\\Lib\\contextlib.py", line 204, in __aenter__\n    return await anext(self.gen)\n           ^^^^^^^^^^^^^^^^^^^^^\n', '  File "D:\\muse3.0\\Parlant_mem0\\myenv\\Lib\\site-packages\\httpx\\_client.py", line 1583, in stream\n    response = await self.send(\n               ^^^^^^^^^^^^^^^^\n', '  File "D:\\muse3.0\\Parlant_mem0\\myenv\\Lib\\site-packages\\httpx\\_client.py", line 1629, in send\n    response = await self._send_handling_auth(\n               ^^^^^^^^^^^^^^^^^^^^^^^^^^^^^^^\n', '  File "D:\\muse3.0\\Parlant_mem0\\myenv\\Lib\\site-packages\\httpx\\_client.py", line 1657, in _send_handling_auth\n    response = await self._send_handling_redirects(\n               ^^^^^^^^^^^^^^^^^^^^^^^^^^^^^^^^^^^^\n', '  File "D:\\muse3.0\\Parlant_mem0\\myenv\\Lib\\site-packages\\httpx\\_client.py", line 1694, in _send_handling_redirects\n    response = await self._send_single_request(request)\n               ^^^^^^^^^^^^^^^^^^^^^^^^^^^^^^^^^^^^^^^^\n', '  File "D:\\muse3.0\\Parlant_mem0\\myenv\\Lib\\site-packages\\httpx\\_client.py", line 1730, in _send_single_request\n    response = await transport.handle_async_request(request)\n               ^^^^^^^^^^^^^^^^^^^^^^^^^^^^^^^^^^^^^^^^^^^^^\n', '  File "D:\\muse3.0\\Parlant_mem0\\myenv\\Lib\\site-packages\\httpx\\_transports\\default.py", line 393, in handle_async_request\n    with map_httpcore_exceptions():\n', '  File "C:\\Users\\Vedant\\AppData\\Local\\Programs\\Python\\Python311\\Lib\\contextlib.py", line 155, in __exit__\n    self.gen.throw(typ, value, traceback)\n', '  File "D:\\muse3.0\\Parlant_mem0\\myenv\\Lib\\site-packages\\httpx\\_transports\\default.py", line 118, in map_httpcore_exceptions\n    raise mapped_exc(message) from exc\n', 'httpx.ReadError\n', '\nThe above exception was the direct cause of the following exception:\n\n', 'Traceback (most recent call last):\n', '  File "D:\\muse3.0\\Parlant_mem0\\myenv\\Lib\\site-packages\\parlant\\core\\engines\\alpha\\tool_calling\\tool_caller.py", line 263, in _run_tool\n    result = await service.call_tool(\n             ^^^^^^^^^^^^^^^^^^^^^^^^\n', '  File "D:\\muse3.0\\Parlant_mem0\\myenv\\Lib\\site-packages\\parlant\\core\\services\\tools\\plugins.py", line 945, in call_tool\n    raise ToolExecutionError(tool_name=name) from exc\n', "parlant.core.tools.ToolExecutionError: Tool error (tool='get_user_profile_local')\n"][0m
[2m2025-11-10T20:23:28.492501Z[0m [[31m[1merror    [0m] [1m[RKbV4RF7RIV::process][ToolCaller] Execution::Error: ToolId: built-in:get_user_profile_local', Arguments:
{}
Traceback:
Traceback (most recent call last):

  File "D:\muse3.0\Parlant_mem0\myenv\Lib\site-packages\httpx\_transports\default.py", line 101, in map_httpcore_exceptions
    yield

  File "D:\muse3.0\Parlant_mem0\myenv\Lib\site-packages\httpx\_transports\default.py", line 394, in handle_async_request
    resp = await self._pool.handle_async_request(req)
           ^^^^^^^^^^^^^^^^^^^^^^^^^^^^^^^^^^^^^^^^^^

  File "D:\muse3.0\Parlant_mem0\myenv\Lib\site-packages\httpcore\_async\connection_pool.py", line 256, in handle_async_request
    raise exc from None

  File "D:\muse3.0\Parlant_mem0\myenv\Lib\site-packages\httpcore\_async\connection_pool.py", line 236, in handle_async_request
    response = await connection.handle_async_request(
               ^^^^^^^^^^^^^^^^^^^^^^^^^^^^^^^^^^^^^^

  File "D:\muse3.0\Parlant_mem0\myenv\Lib\site-packages\httpcore\_async\connection.py", line 103, in handle_async_request
    return await self._connection.handle_async_request(request)
           ^^^^^^^^^^^^^^^^^^^^^^^^^^^^^^^^^^^^^^^^^^^^^^^^^^^^

  File "D:\muse3.0\Parlant_mem0\myenv\Lib\site-packages\httpcore\_async\http11.py", line 136, in handle_async_request
    raise exc

  File "D:\muse3.0\Parlant_mem0\myenv\Lib\site-packages\httpcore\_async\http11.py", line 106, in handle_async_request
    ) = await self._receive_response_headers(**kwargs)
        ^^^^^^^^^^^^^^^^^^^^^^^^^^^^^^^^^^^^^^^^^^^^^^

  File "D:\muse3.0\Parlant_mem0\myenv\Lib\site-packages\httpcore\_async\http11.py", line 177, in _receive_response_headers
    event = await self._receive_event(timeout=timeout)
            ^^^^^^^^^^^^^^^^^^^^^^^^^^^^^^^^^^^^^^^^^^

  File "D:\muse3.0\Parlant_mem0\myenv\Lib\site-packages\httpcore\_async\http11.py", line 217, in _receive_event
    data = await self._network_stream.read(
           ^^^^^^^^^^^^^^^^^^^^^^^^^^^^^^^^

  File "D:\muse3.0\Parlant_mem0\myenv\Lib\site-packages\httpcore\_backends\anyio.py", line 32, in read
    with map_exceptions(exc_map):

  File "C:\Users\Vedant\AppData\Local\Programs\Python\Python311\Lib\contextlib.py", line 155, in __exit__
    self.gen.throw(typ, value, traceback)

  File "D:\muse3.0\Parlant_mem0\myenv\Lib\site-packages\httpcore\_exceptions.py", line 14, in map_exceptions
    raise to_exc(exc) from exc

httpcore.ReadError


The above exception was the direct cause of the following exception:


Traceback (most recent call last):

  File "D:\muse3.0\Parlant_mem0\myenv\Lib\site-packages\parlant\core\services\tools\plugins.py", line 859, in call_tool
    async with self._http_client.stream(

  File "C:\Users\Vedant\AppData\Local\Programs\Python\Python311\Lib\contextlib.py", line 204, in __aenter__
    return await anext(self.gen)
           ^^^^^^^^^^^^^^^^^^^^^

  File "D:\muse3.0\Parlant_mem0\myenv\Lib\site-packages\httpx\_client.py", line 1583, in stream
    response = await self.send(
               ^^^^^^^^^^^^^^^^

  File "D:\muse3.0\Parlant_mem0\myenv\Lib\site-packages\httpx\_client.py", line 1629, in send
    response = await self._send_handling_auth(
               ^^^^^^^^^^^^^^^^^^^^^^^^^^^^^^^

  File "D:\muse3.0\Parlant_mem0\myenv\Lib\site-packages\httpx\_client.py", line 1657, in _send_handling_auth
    response = await self._send_handling_redirects(
               ^^^^^^^^^^^^^^^^^^^^^^^^^^^^^^^^^^^^

  File "D:\muse3.0\Parlant_mem0\myenv\Lib\site-packages\httpx\_client.py", line 1694, in _send_handling_redirects
    response = await self._send_single_request(request)
               ^^^^^^^^^^^^^^^^^^^^^^^^^^^^^^^^^^^^^^^^

  File "D:\muse3.0\Parlant_mem0\myenv\Lib\site-packages\httpx\_client.py", line 1730, in _send_single_request
    response = await transport.handle_async_request(request)
               ^^^^^^^^^^^^^^^^^^^^^^^^^^^^^^^^^^^^^^^^^^^^^

  File "D:\muse3.0\Parlant_mem0\myenv\Lib\site-packages\httpx\_transports\default.py", line 393, in handle_async_request
    with map_httpcore_exceptions():

  File "C:\Users\Vedant\AppData\Local\Programs\Python\Python311\Lib\contextlib.py", line 155, in __exit__
    self.gen.throw(typ, value, traceback)

  File "D:\muse3.0\Parlant_mem0\myenv\Lib\site-packages\httpx\_transports\default.py", line 118, in map_httpcore_exceptions
    raise mapped_exc(message) from exc

httpx.ReadError


The above exception was the direct cause of the following exception:


Traceback (most recent call last):

  File "D:\muse3.0\Parlant_mem0\myenv\Lib\site-packages\parlant\core\engines\alpha\tool_calling\tool_caller.py", line 263, in _run_tool
    result = await service.call_tool(
             ^^^^^^^^^^^^^^^^^^^^^^^^

  File "D:\muse3.0\Parlant_mem0\myenv\Lib\site-packages\parlant\core\services\tools\plugins.py", line 945, in call_tool
    raise ToolExecutionError(tool_name=name) from exc

parlant.core.tools.ToolExecutionError: Tool error (tool='get_user_profile_local')
[0m
[2m2025-11-10T20:24:38.972701Z[0m [[32m[1minfo     [0m] [1m[RKbV4RF7RIV::process] Processing context for session tXPlqetJlw finished in 119.127 seconds[0m
[2m2025-11-11T07:20:06.195151Z[0m [[32m[1minfo     [0m] [1m[<main>] Parlant server version 3.0.3[0m
[2m2025-11-11T07:20:06.220654Z[0m [[32m[1minfo     [0m] [1m[<main>] Using home directory 'D:\muse3.0\Parlant_mem0\fashion-bot\parlant-data'[0m
[2m2025-11-11T07:20:06.241439Z[0m [[32m[1minfo     [0m] [1m[<main>] No external modules selected[0m
[2m2025-11-11T07:20:06.753035Z[0m [[32m[1minfo     [0m] [1m[<main>] Initialized OpenAIService[0m
[2m2025-11-11T07:20:20.665610Z[0m [[32m[1minfo     [0m] [1m[<main>] .-----------------------------------------.[0m
[2m2025-11-11T07:20:20.665610Z[0m [[32m[1minfo     [0m] [1m[<main>] | Server is ready for some serious action |[0m
[2m2025-11-11T07:20:20.665610Z[0m [[32m[1minfo     [0m] [1m[<main>] '-----------------------------------------'[0m
[2m2025-11-11T07:20:20.665610Z[0m [[32m[1minfo     [0m] [1m[<main>] Server authorization policy: development[0m
[2m2025-11-11T07:20:20.665610Z[0m [[32m[1minfo     [0m] [1m[<main>] Try the Sandbox UI at http://localhost:8800[0m
[2m2025-11-11T09:32:56.711236Z[0m [[32m[1minfo     [0m] [1m[<main>] Parlant server version 3.0.3[0m
[2m2025-11-11T09:32:56.742702Z[0m [[32m[1minfo     [0m] [1m[<main>] Using home directory 'D:\muse3.0\Parlant_mem0\fashion-bot\parlant-data'[0m
[2m2025-11-11T09:32:56.805514Z[0m [[32m[1minfo     [0m] [1m[<main>] No external modules selected[0m
[2m2025-11-11T09:32:57.218996Z[0m [[32m[1minfo     [0m] [1m[<main>] Initialized OpenAIService[0m
[2m2025-11-11T09:33:18.435992Z[0m [[32m[1minfo     [0m] [1m[<main>] .-----------------------------------------.[0m
[2m2025-11-11T09:33:18.438003Z[0m [[32m[1minfo     [0m] [1m[<main>] | Server is ready for some serious action |[0m
[2m2025-11-11T09:33:18.438003Z[0m [[32m[1minfo     [0m] [1m[<main>] '-----------------------------------------'[0m
[2m2025-11-11T09:33:18.438003Z[0m [[32m[1minfo     [0m] [1m[<main>] Server authorization policy: development[0m
[2m2025-11-11T09:33:18.438003Z[0m [[32m[1minfo     [0m] [1m[<main>] Try the Sandbox UI at http://localhost:8800[0m
[2m2025-11-11T09:35:06.611109Z[0m [[32m[1minfo     [0m] [1m[RwcIqjTqxNf::process] Processing context for session oq7Z05jYAY finished in 37.805 seconds[0m
[2m2025-11-11T09:36:31.353588Z[0m [[32m[1minfo     [0m] [1m[RZOmp7K2ahb::process] Processing context for session oq7Z05jYAY finished in 52.156 seconds[0m
[2m2025-11-11T09:40:49.840388Z[0m [[32m[1minfo     [0m] [1m[<main>] BackgroundTaskService: Cancelling all remaining tasks (2)[0m
[2m2025-11-11T09:40:49.964405Z[0m [[32m[1minfo     [0m] [1m[<main>] BackgroundTaskService: Cancelling all remaining tasks (2)[0m
[2m2025-11-11T09:40:49.964975Z[0m [[32m[1minfo     [0m] [1m[<main>] BackgroundTaskService: Shutting down[0m
[2m2025-11-11T09:40:49.965710Z[0m [[32m[1minfo     [0m] [1m[<main>] BackgroundTaskService: Waiting for task 'process-session(oq7Z05jYAY)' to finish[0m
[2m2025-11-11T09:40:49.971473Z[0m [[33m[1mwarning  [0m] [1m[RF2J02oSlA2::process][GuidelineMatcher][GenericPreviouslyAppliedActionableGuidelineMatchingBatch][Batch of 1 guidelines][OpenAISchematicGenerator][LLM Request (GenericPreviouslyAppliedActionableGuidelineMatchesSchema)] LLM Request (GenericPreviouslyAppliedActionableGuidelineMatchesSchema) cancelled after 230.087 seconds[0m
[2m2025-11-11T09:40:50.061270Z[0m [[33m[1mwarning  [0m] [1m[RF2J02oSlA2::process][GuidelineMatcher][GenericPreviouslyAppliedActionableGuidelineMatchingBatch][Batch of 1 guidelines][OpenAISchematicGenerator][LLM Request (GenericPreviouslyAppliedActionableGuidelineMatchesSchema)] Batch of 1 guidelines cancelled after 230.177 seconds[0m
[2m2025-11-11T09:40:50.062369Z[0m [[33m[1mwarning  [0m] [1m[RF2J02oSlA2::process][GuidelineMatcher] Processing batches cancelled after 230.179 seconds[0m
[2m2025-11-11T09:40:50.062735Z[0m [[33m[1mwarning  [0m] [1m[RF2J02oSlA2::process][GuidelineMatcher] Processing cancelled[0m
[2m2025-11-11T09:40:50.148226Z[0m [[33m[1mwarning  [0m] [1m[RF2J02oSlA2::process][GuidelineMatcher] Processing context for session oq7Z05jYAY cancelled after 232.578 seconds[0m
[2m2025-11-11T09:40:50.354421Z[0m [[33m[1mwarning  [0m] [1m[REun6HEbcVm] HTTP Request: GET /sessions/oq7Z05jYAY/events cancelled after 40.933 seconds[0m
